#
# There is insufficient memory for the Java Runtime Environment to continue.
# Native memory allocation (malloc) failed to allocate 251056 bytes for Chunk::new
# Possible reasons:
#   The system is out of physical RAM or swap space
#   In 32 bit mode, the process size limit was hit
# Possible solutions:
#   Reduce memory load on the system
#   Increase physical memory or swap space
#   Check if swap backing store is full
#   Use 64 bit Java on a 64 bit OS
#   Decrease Java heap size (-Xmx/-Xms)
#   Decrease number of Java threads
#   Decrease Java thread stack sizes (-Xss)
#   Set larger code cache with -XX:ReservedCodeCacheSize=
# This output file may be truncated or incomplete.
#
#  Out of Memory Error (allocation.cpp:390), pid=6100, tid=0x0000000000001954
#
# JRE version: Java(TM) SE Runtime Environment (8.0_191-b12) (build 1.8.0_191-b12)
# Java VM: Java HotSpot(TM) 64-Bit Server VM (25.191-b12 mixed mode windows-amd64 compressed oops)
# Failed to write core dump. Minidumps are not enabled by default on client versions of Windows
#

---------------  T H R E A D  ---------------

Current thread (0x000000001761d800):  JavaThread "C2 CompilerThread1" daemon [_thread_in_native, id=6484, stack(0x0000000019410000,0x0000000019510000)]

Stack: [0x0000000019410000,0x0000000019510000]
[error occurred during error reporting (printing stack bounds), id 0xc0000005]

Native frames: (J=compiled Java code, j=interpreted, Vv=VM code, C=native code)


Current CompileTask:
C2:   4308 1773       4       org.jfree.chart.renderer.xy.AbstractXYItemRenderer::addEntity (184 bytes)


---------------  P R O C E S S  ---------------

Java Threads: ( => current thread )
  0x0000000019bd2800 JavaThread "TimerQueue" daemon [_thread_blocked, id=3524, stack(0x000000001d2b0000,0x000000001d3b0000)]
  0x0000000019b01000 JavaThread "Swing-Shell" daemon [_thread_blocked, id=8744, stack(0x000000001c260000,0x000000001c360000)]
  0x000000000231f000 JavaThread "DestroyJavaVM" [_thread_blocked, id=8184, stack(0x00000000023b0000,0x00000000024b0000)]
  0x000000001980e800 JavaThread "AWT-EventQueue-0" [_thread_in_Java, id=3400, stack(0x000000001a4e0000,0x000000001a5e0000)]
  0x00000000197a9000 JavaThread "AWT-Windows" daemon [_thread_in_native, id=7032, stack(0x000000001a300000,0x000000001a400000)]
  0x00000000197a7800 JavaThread "AWT-Shutdown" [_thread_blocked, id=3340, stack(0x0000000019530000,0x0000000019630000)]
  0x00000000197a7000 JavaThread "Java2D Disposer" daemon [_thread_blocked, id=7120, stack(0x000000001a020000,0x000000001a120000)]
  0x0000000018b50000 JavaThread "Service Thread" daemon [_thread_blocked, id=8612, stack(0x0000000019310000,0x0000000019410000)]
  0x000000001761e800 JavaThread "C1 CompilerThread2" daemon [_thread_blocked, id=2180, stack(0x00000000186e0000,0x00000000187e0000)]
=>0x000000001761d800 JavaThread "C2 CompilerThread1" daemon [_thread_in_native, id=6484, stack(0x0000000019410000,0x0000000019510000)]
  0x0000000018ada800 JavaThread "C2 CompilerThread0" daemon [_thread_in_native, id=6308, stack(0x0000000019200000,0x0000000019300000)]
  0x0000000017613000 JavaThread "Attach Listener" daemon [_thread_blocked, id=1176, stack(0x00000000190d0000,0x00000000191d0000)]
  0x0000000017612000 JavaThread "Signal Dispatcher" daemon [_thread_blocked, id=4952, stack(0x0000000018ee0000,0x0000000018fe0000)]
  0x00000000175fa800 JavaThread "Finalizer" daemon [_thread_blocked, id=7720, stack(0x00000000189d0000,0x0000000018ad0000)]
  0x00000000175f3800 JavaThread "Reference Handler" daemon [_thread_blocked, id=6700, stack(0x00000000187e0000,0x00000000188e0000)]

Other Threads:
  0x00000000175ab800 VMThread [stack: 0x0000000018570000,0x0000000018670000] [id=5856]
  0x0000000018b74000 WatcherThread [stack: 0x0000000019690000,0x0000000019790000] [id=2984]

VM state:not at safepoint (normal execution)

VM Mutex/Monitor currently owned by a thread: None

Heap:
 PSYoungGen      total 155136K, used 58869K [0x00000000d5f00000, 0x00000000e0c00000, 0x0000000100000000)
  eden space 133120K, 27% used [0x00000000d5f00000,0x00000000d8321bf0,0x00000000de100000)
  from space 22016K, 99% used [0x00000000de100000,0x00000000df65b8d0,0x00000000df680000)
  to   space 20992K, 0% used [0x00000000df780000,0x00000000df780000,0x00000000e0c00000)
 ParOldGen       total 87552K, used 38193K [0x0000000081c00000, 0x0000000087180000, 0x00000000d5f00000)
  object space 87552K, 43% used [0x0000000081c00000,0x000000008414c5f0,0x0000000087180000)
 Metaspace       used 17218K, capacity 17370K, committed 17664K, reserved 1064960K
  class space    used 2165K, capacity 2222K, committed 2304K, reserved 1048576K

Card table byte_map: [0x0000000011bc0000,0x0000000011fc0000] byte_map_base: 0x00000000117b2000

Marking Bits: (ParMarkBitMap*) 0x00000000529f3e30
 Begin Bits: [0x0000000012900000, 0x0000000014890000)
 End Bits:   [0x0000000014890000, 0x0000000016820000)

Polling page: 0x0000000000340000

CodeCache: size=245760Kb used=6130Kb max_used=6131Kb free=239629Kb
 bounds [0x0000000002800000, 0x0000000002e10000, 0x0000000011800000]
 total_blobs=2352 nmethods=1778 adapters=486
 compilation: enabled

Compilation events (10 events):
Event: 4.278 Thread 0x000000001761e800 1785   !   3       java.lang.ref.ReferenceQueue::remove (125 bytes)
Event: 4.278 Thread 0x000000001761e800 nmethod 1785 0x0000000002dfb1d0 code [0x0000000002dfb3a0, 0x0000000002dfbc58]
Event: 4.278 Thread 0x000000001761e800 1782       3       java.lang.ref.ReferenceQueue::reallyPoll (65 bytes)
Event: 4.278 Thread 0x000000001761e800 nmethod 1782 0x0000000002dfab10 code [0x0000000002dfac80, 0x0000000002dfb0f0]
Event: 4.278 Thread 0x000000001761e800 1783       3       java.lang.ref.Reference::clear (6 bytes)
Event: 4.279 Thread 0x000000001761e800 nmethod 1783 0x0000000002df8750 code [0x0000000002df88a0, 0x0000000002df8a10]
Event: 4.279 Thread 0x000000001761e800 1784       3       java.lang.ref.ReferenceQueue::remove (6 bytes)
Event: 4.279 Thread 0x000000001761e800 nmethod 1784 0x0000000002dec950 code [0x0000000002decac0, 0x0000000002deccc8]
Event: 4.303 Thread 0x000000001761e800 1786       1       org.jfree.data.xy.XYSeries::getAutoSort (5 bytes)
Event: 4.303 Thread 0x000000001761e800 nmethod 1786 0x0000000002dfa850 code [0x0000000002dfa9a0, 0x0000000002dfaab0]

GC Heap History (10 events):
Event: 3.401 GC heap before
{Heap before GC invocations=3 (full 0):
 PSYoungGen      total 38400K, used 38374K [0x00000000d5f00000, 0x00000000daa00000, 0x0000000100000000)
  eden space 33280K, 100% used [0x00000000d5f00000,0x00000000d7f80000,0x00000000d7f80000)
  from space 5120K, 99% used [0x00000000d8480000,0x00000000d8979838,0x00000000d8980000)
  to   space 5120K, 0% used [0x00000000d7f80000,0x00000000d7f80000,0x00000000d8480000)
 ParOldGen       total 87552K, used 26636K [0x0000000081c00000, 0x0000000087180000, 0x00000000d5f00000)
  object space 87552K, 30% used [0x0000000081c00000,0x0000000083603030,0x0000000087180000)
 Metaspace       used 14451K, capacity 14704K, committed 14848K, reserved 1062912K
  class space    used 1905K, capacity 1996K, committed 2048K, reserved 1048576K
Event: 3.407 GC heap after
Heap after GC invocations=3 (full 0):
 PSYoungGen      total 38400K, used 5101K [0x00000000d5f00000, 0x00000000daa00000, 0x0000000100000000)
  eden space 33280K, 0% used [0x00000000d5f00000,0x00000000d5f00000,0x00000000d7f80000)
  from space 5120K, 99% used [0x00000000d7f80000,0x00000000d847b428,0x00000000d8480000)
  to   space 5120K, 0% used [0x00000000da500000,0x00000000da500000,0x00000000daa00000)
 ParOldGen       total 87552K, used 28931K [0x0000000081c00000, 0x0000000087180000, 0x00000000d5f00000)
  object space 87552K, 33% used [0x0000000081c00000,0x0000000083840e60,0x0000000087180000)
 Metaspace       used 14451K, capacity 14704K, committed 14848K, reserved 1062912K
  class space    used 1905K, capacity 1996K, committed 2048K, reserved 1048576K
}
Event: 3.473 GC heap before
{Heap before GC invocations=4 (full 0):
 PSYoungGen      total 38400K, used 38381K [0x00000000d5f00000, 0x00000000daa00000, 0x0000000100000000)
  eden space 33280K, 100% used [0x00000000d5f00000,0x00000000d7f80000,0x00000000d7f80000)
  from space 5120K, 99% used [0x00000000d7f80000,0x00000000d847b428,0x00000000d8480000)
  to   space 5120K, 0% used [0x00000000da500000,0x00000000da500000,0x00000000daa00000)
 ParOldGen       total 87552K, used 28931K [0x0000000081c00000, 0x0000000087180000, 0x00000000d5f00000)
  object space 87552K, 33% used [0x0000000081c00000,0x0000000083840e60,0x0000000087180000)
 Metaspace       used 14454K, capacity 14704K, committed 14848K, reserved 1062912K
  class space    used 1906K, capacity 1996K, committed 2048K, reserved 1048576K
Event: 3.483 GC heap after
Heap after GC invocations=4 (full 0):
 PSYoungGen      total 71680K, used 5096K [0x00000000d5f00000, 0x00000000daa00000, 0x0000000100000000)
  eden space 66560K, 0% used [0x00000000d5f00000,0x00000000d5f00000,0x00000000da000000)
  from space 5120K, 99% used [0x00000000da500000,0x00000000da9fa240,0x00000000daa00000)
  to   space 5120K, 0% used [0x00000000da000000,0x00000000da000000,0x00000000da500000)
 ParOldGen       total 87552K, used 30931K [0x0000000081c00000, 0x0000000087180000, 0x00000000d5f00000)
  object space 87552K, 35% used [0x0000000081c00000,0x0000000083a34e60,0x0000000087180000)
 Metaspace       used 14454K, capacity 14704K, committed 14848K, reserved 1062912K
  class space    used 1906K, capacity 1996K, committed 2048K, reserved 1048576K
}
Event: 3.582 GC heap before
{Heap before GC invocations=5 (full 0):
 PSYoungGen      total 71680K, used 71656K [0x00000000d5f00000, 0x00000000daa00000, 0x0000000100000000)
  eden space 66560K, 100% used [0x00000000d5f00000,0x00000000da000000,0x00000000da000000)
  from space 5120K, 99% used [0x00000000da500000,0x00000000da9fa240,0x00000000daa00000)
  to   space 5120K, 0% used [0x00000000da000000,0x00000000da000000,0x00000000da500000)
 ParOldGen       total 87552K, used 30931K [0x0000000081c00000, 0x0000000087180000, 0x00000000d5f00000)
  object space 87552K, 35% used [0x0000000081c00000,0x0000000083a34e60,0x0000000087180000)
 Metaspace       used 14454K, capacity 14704K, committed 14848K, reserved 1062912K
  class space    used 1906K, capacity 1996K, committed 2048K, reserved 1048576K
Event: 3.593 GC heap after
Heap after GC invocations=5 (full 0):
 PSYoungGen      total 71680K, used 5112K [0x00000000d5f00000, 0x00000000e0e00000, 0x0000000100000000)
  eden space 66560K, 0% used [0x00000000d5f00000,0x00000000d5f00000,0x00000000da000000)
  from space 5120K, 99% used [0x00000000da000000,0x00000000da4fe230,0x00000000da500000)
  to   space 23040K, 0% used [0x00000000df780000,0x00000000df780000,0x00000000e0e00000)
 ParOldGen       total 87552K, used 34850K [0x0000000081c00000, 0x0000000087180000, 0x00000000d5f00000)
  object space 87552K, 39% used [0x0000000081c00000,0x0000000083e08a90,0x0000000087180000)
 Metaspace       used 14454K, capacity 14704K, committed 14848K, reserved 1062912K
  class space    used 1906K, capacity 1996K, committed 2048K, reserved 1048576K
}
Event: 3.668 GC heap before
{Heap before GC invocations=6 (full 0):
 PSYoungGen      total 71680K, used 71672K [0x00000000d5f00000, 0x00000000e0e00000, 0x0000000100000000)
  eden space 66560K, 100% used [0x00000000d5f00000,0x00000000da000000,0x00000000da000000)
  from space 5120K, 99% used [0x00000000da000000,0x00000000da4fe230,0x00000000da500000)
  to   space 23040K, 0% used [0x00000000df780000,0x00000000df780000,0x00000000e0e00000)
 ParOldGen       total 87552K, used 34850K [0x0000000081c00000, 0x0000000087180000, 0x00000000d5f00000)
  object space 87552K, 39% used [0x0000000081c00000,0x0000000083e08a90,0x0000000087180000)
 Metaspace       used 14454K, capacity 14704K, committed 14848K, reserved 1062912K
  class space    used 1906K, capacity 1996K, committed 2048K, reserved 1048576K
Event: 3.680 GC heap after
Heap after GC invocations=6 (full 0):
 PSYoungGen      total 154112K, used 9167K [0x00000000d5f00000, 0x00000000e0c00000, 0x0000000100000000)
  eden space 133120K, 0% used [0x00000000d5f00000,0x00000000d5f00000,0x00000000de100000)
  from space 20992K, 43% used [0x00000000df780000,0x00000000e0073e60,0x00000000e0c00000)
  to   space 22016K, 0% used [0x00000000de100000,0x00000000de100000,0x00000000df680000)
 ParOldGen       total 87552K, used 34858K [0x0000000081c00000, 0x0000000087180000, 0x00000000d5f00000)
  object space 87552K, 39% used [0x0000000081c00000,0x0000000083e0aa90,0x0000000087180000)
 Metaspace       used 14454K, capacity 14704K, committed 14848K, reserved 1062912K
  class space    used 1906K, capacity 1996K, committed 2048K, reserved 1048576K
}
Event: 4.257 GC heap before
{Heap before GC invocations=7 (full 0):
 PSYoungGen      total 154112K, used 142287K [0x00000000d5f00000, 0x00000000e0c00000, 0x0000000100000000)
  eden space 133120K, 100% used [0x00000000d5f00000,0x00000000de100000,0x00000000de100000)
  from space 20992K, 43% used [0x00000000df780000,0x00000000e0073e60,0x00000000e0c00000)
  to   space 22016K, 0% used [0x00000000de100000,0x00000000de100000,0x00000000df680000)
 ParOldGen       total 87552K, used 34858K [0x0000000081c00000, 0x0000000087180000, 0x00000000d5f00000)
  object space 87552K, 39% used [0x0000000081c00000,0x0000000083e0aa90,0x0000000087180000)
 Metaspace       used 17214K, capacity 17370K, committed 17664K, reserved 1064960K
  class space    used 2165K, capacity 2222K, committed 2304K, reserved 1048576K
Event: 4.276 GC heap after
Heap after GC invocations=7 (full 0):
 PSYoungGen      total 155136K, used 21870K [0x00000000d5f00000, 0x00000000e0c00000, 0x0000000100000000)
  eden space 133120K, 0% used [0x00000000d5f00000,0x00000000d5f00000,0x00000000de100000)
  from space 22016K, 99% used [0x00000000de100000,0x00000000df65b8d0,0x00000000df680000)
  to   space 20992K, 0% used [0x00000000df780000,0x00000000df780000,0x00000000e0c00000)
 ParOldGen       total 87552K, used 38193K [0x0000000081c00000, 0x0000000087180000, 0x00000000d5f00000)
  object space 87552K, 43% used [0x0000000081c00000,0x000000008414c5f0,0x0000000087180000)
 Metaspace       used 17214K, capacity 17370K, committed 17664K, reserved 1064960K
  class space    used 2165K, capacity 2222K, committed 2304K, reserved 1048576K
}

Deoptimization events (10 events):
Event: 3.877 Thread 0x000000001980e800 Uncommon trap: reason=unstable_if action=reinterpret pc=0x0000000002b6605c method=java.io.BufferedReader.readLine(Z)Ljava/lang/String; @ 55
Event: 3.889 Thread 0x000000001980e800 Uncommon trap: reason=class_check action=maybe_recompile pc=0x0000000002a2f680 method=javax.swing.plaf.nimbus.DerivedColor$UIResource.equals(Ljava/lang/Object;)Z @ 1
Event: 3.954 Thread 0x000000001980e800 Uncommon trap: reason=unstable_if action=reinterpret pc=0x0000000002c1f224 method=java.lang.Math.max(FF)F @ 11
Event: 3.965 Thread 0x000000001980e800 Uncommon trap: reason=unstable_if action=reinterpret pc=0x0000000002cb4d70 method=org.jfree.data.Range.contains(D)Z @ 15
Event: 4.068 Thread 0x000000001980e800 Uncommon trap: reason=unstable_if action=reinterpret pc=0x0000000002d80a34 method=org.jfree.chart.renderer.xy.XYLineAndShapeRenderer.drawPrimaryLine(Lorg/jfree/chart/renderer/xy/XYItemRendererState;Ljava/awt/Graphics2D;Lorg/jfree/chart/plot/XYPlot;Lorg/jf
Event: 4.127 Thread 0x000000001980e800 Uncommon trap: reason=unstable_if action=reinterpret pc=0x0000000002d7a398 method=org.jfree.chart.renderer.xy.XYLineAndShapeRenderer.isLinePass(I)Z @ 1
Event: 4.128 Thread 0x000000001980e800 Uncommon trap: reason=unstable_if action=reinterpret pc=0x0000000002d8a57c method=org.jfree.chart.renderer.xy.XYLineAndShapeRenderer.isLinePass(I)Z @ 1
Event: 4.128 Thread 0x000000001980e800 Uncommon trap: reason=unstable_if action=reinterpret pc=0x0000000002d69110 method=org.jfree.chart.renderer.xy.XYLineAndShapeRenderer.isLinePass(I)Z @ 1
Event: 4.214 Thread 0x000000001980e800 Uncommon trap: reason=unstable_if action=reinterpret pc=0x0000000002de6550 method=java.text.DecimalFormat.fastDoubleFormat(DZ)V @ 54
Event: 4.215 Thread 0x000000001980e800 Uncommon trap: reason=unstable_if action=reinterpret pc=0x0000000002df2008 method=java.text.DecimalFormat.fastDoubleFormat(DZ)V @ 54

Classes redefined (0 events):
No events

Internal exceptions (10 events):
Event: 0.165 Thread 0x000000000231f000 Exception <a 'java/lang/ClassNotFoundException': ToolBar> (0x00000000d63147e0) thrown at [C:\re\workspace\8-2-build-windows-amd64-cygwin\jdk8u191\11896\hotspot\src\share\vm\classfile\systemDictionary.cpp, line 210]
Event: 0.165 Thread 0x000000000231f000 Exception <a 'java/lang/ClassNotFoundException': ToggleButton> (0x00000000d6314d90) thrown at [C:\re\workspace\8-2-build-windows-amd64-cygwin\jdk8u191\11896\hotspot\src\share\vm\classfile\systemDictionary.cpp, line 210]
Event: 0.165 Thread 0x000000000231f000 Exception <a 'java/lang/ClassNotFoundException': javax/swing/JToolBarSeparator> (0x00000000d63151f0) thrown at [C:\re\workspace\8-2-build-windows-amd64-cygwin\jdk8u191\11896\hotspot\src\share\vm\classfile\systemDictionary.cpp, line 210]
Event: 0.165 Thread 0x000000000231f000 Exception <a 'java/lang/ClassNotFoundException': ToolBarSeparator> (0x00000000d6315688) thrown at [C:\re\workspace\8-2-build-windows-amd64-cygwin\jdk8u191\11896\hotspot\src\share\vm\classfile\systemDictionary.cpp, line 210]
Event: 0.165 Thread 0x000000000231f000 Exception <a 'java/lang/ClassNotFoundException': ToolTip> (0x00000000d6315dc8) thrown at [C:\re\workspace\8-2-build-windows-amd64-cygwin\jdk8u191\11896\hotspot\src\share\vm\classfile\systemDictionary.cpp, line 210]
Event: 0.165 Thread 0x000000000231f000 Exception <a 'java/lang/ClassNotFoundException': Tree> (0x00000000d63169e8) thrown at [C:\re\workspace\8-2-build-windows-amd64-cygwin\jdk8u191\11896\hotspot\src\share\vm\classfile\systemDictionary.cpp, line 210]
Event: 0.166 Thread 0x000000000231f000 Exception <a 'java/lang/ClassNotFoundException': Tree> (0x00000000d6317128) thrown at [C:\re\workspace\8-2-build-windows-amd64-cygwin\jdk8u191\11896\hotspot\src\share\vm\classfile\systemDictionary.cpp, line 210]
Event: 0.166 Thread 0x000000000231f000 Exception <a 'java/lang/ClassNotFoundException': javax/swing/JTreeCell> (0x00000000d63174a8) thrown at [C:\re\workspace\8-2-build-windows-amd64-cygwin\jdk8u191\11896\hotspot\src\share\vm\classfile\systemDictionary.cpp, line 210]
Event: 0.166 Thread 0x000000000231f000 Exception <a 'java/lang/ClassNotFoundException': TreeCell> (0x00000000d6317930) thrown at [C:\re\workspace\8-2-build-windows-amd64-cygwin\jdk8u191\11896\hotspot\src\share\vm\classfile\systemDictionary.cpp, line 210]
Event: 0.166 Thread 0x000000000231f000 Exception <a 'java/lang/ClassNotFoundException': RootPane> (0x00000000d6318390) thrown at [C:\re\workspace\8-2-build-windows-amd64-cygwin\jdk8u191\11896\hotspot\src\share\vm\classfile\systemDictionary.cpp, line 210]

Events (10 events):
Event: 4.198 Executing VM operation: EnableBiasedLocking
Event: 4.198 Executing VM operation: EnableBiasedLocking done
Event: 4.214 Thread 0x000000001980e800 Uncommon trap: trap_request=0xffffff65 fr.pc=0x0000000002de6550
Event: 4.214 Thread 0x000000001980e800 DEOPT PACKING pc=0x0000000002de6550 sp=0x000000001a5dbda0
Event: 4.214 Thread 0x000000001980e800 DEOPT UNPACKING pc=0x000000000284583b sp=0x000000001a5dbcc0 mode 2
Event: 4.215 Thread 0x000000001980e800 Uncommon trap: trap_request=0xffffff65 fr.pc=0x0000000002df2008
Event: 4.215 Thread 0x000000001980e800 DEOPT PACKING pc=0x0000000002df2008 sp=0x000000001a5dbd30
Event: 4.215 Thread 0x000000001980e800 DEOPT UNPACKING pc=0x000000000284583b sp=0x000000001a5dbcb8 mode 2
Event: 4.257 Executing VM operation: ParallelGCFailedAllocation
Event: 4.276 Executing VM operation: ParallelGCFailedAllocation done


Dynamic libraries:
0x000000013faa0000 - 0x000000013fad7000 	C:\Program Files\Java\jdk1.8.0_191\bin\java.exe
0x00000000773d0000 - 0x000000007757a000 	C:\Windows\SYSTEM32\ntdll.dll
0x00000000771b0000 - 0x00000000772cf000 	C:\Windows\system32\kernel32.dll
0x000007fefd4d0000 - 0x000007fefd53a000 	C:\Windows\system32\KERNELBASE.dll
0x000007fefe950000 - 0x000007fefea2b000 	C:\Windows\system32\ADVAPI32.dll
0x000007fefed40000 - 0x000007fefeddf000 	C:\Windows\system32\msvcrt.dll
0x000007fefeb60000 - 0x000007fefeb7f000 	C:\Windows\SYSTEM32\sechost.dll
0x000007fefe5c0000 - 0x000007fefe6ed000 	C:\Windows\system32\RPCRT4.dll
0x00000000772d0000 - 0x00000000773ca000 	C:\Windows\system32\USER32.dll
0x000007fefefe0000 - 0x000007feff047000 	C:\Windows\system32\GDI32.dll
0x000007feff230000 - 0x000007feff23e000 	C:\Windows\system32\LPK.dll
0x000007feff240000 - 0x000007feff30b000 	C:\Windows\system32\USP10.dll
0x000007fefbd90000 - 0x000007fefbf84000 	C:\Windows\WinSxS\amd64_microsoft.windows.common-controls_6595b64144ccf1df_6.0.7601.18837_none_fa3b1e3d17594757\COMCTL32.dll
0x000007fefe6f0000 - 0x000007fefe761000 	C:\Windows\system32\SHLWAPI.dll
0x000007fefed10000 - 0x000007fefed3e000 	C:\Windows\system32\IMM32.DLL
0x000007fefec00000 - 0x000007fefed09000 	C:\Windows\system32\MSCTF.dll
0x00000000607a0000 - 0x0000000060872000 	C:\Program Files\Java\jdk1.8.0_191\jre\bin\msvcr100.dll
0x00000000521d0000 - 0x0000000052a74000 	C:\Program Files\Java\jdk1.8.0_191\jre\bin\server\jvm.dll
0x000007fef8b40000 - 0x000007fef8b49000 	C:\Windows\system32\WSOCK32.dll
0x000007feff050000 - 0x000007feff09d000 	C:\Windows\system32\WS2_32.dll
0x000007feff310000 - 0x000007feff318000 	C:\Windows\system32\NSI.dll
0x000007fefb1c0000 - 0x000007fefb1fb000 	C:\Windows\system32\WINMM.dll
0x000007fefc420000 - 0x000007fefc42c000 	C:\Windows\system32\VERSION.dll
0x0000000077590000 - 0x0000000077597000 	C:\Windows\system32\PSAPI.DLL
0x000000006f5b0000 - 0x000000006f5bf000 	C:\Program Files\Java\jdk1.8.0_191\jre\bin\verify.dll
0x0000000062320000 - 0x0000000062349000 	C:\Program Files\Java\jdk1.8.0_191\jre\bin\java.dll
0x000000006f530000 - 0x000000006f546000 	C:\Program Files\Java\jdk1.8.0_191\jre\bin\zip.dll
0x000007fefd830000 - 0x000007fefe5bb000 	C:\Windows\system32\SHELL32.dll
0x000007fefede0000 - 0x000007fefefdc000 	C:\Windows\system32\ole32.dll
0x000007fefd2e0000 - 0x000007fefd2ef000 	C:\Windows\system32\profapi.dll
0x0000000052030000 - 0x00000000521c9000 	C:\Program Files\Java\jdk1.8.0_191\jre\bin\awt.dll
0x000007fefd6f0000 - 0x000007fefd7ca000 	C:\Windows\system32\OLEAUT32.dll
0x000007fefbd30000 - 0x000007fefbd86000 	C:\Windows\system32\uxtheme.dll
0x000007fefb5e0000 - 0x000007fefb5f8000 	C:\Windows\system32\dwmapi.dll
0x000007fefd210000 - 0x000007fefd21f000 	C:\Windows\system32\CRYPTBASE.dll
0x0000000060bc0000 - 0x0000000060c07000 	C:\Program Files\Java\jdk1.8.0_191\jre\bin\fontmanager.dll
0x000007feed1a0000 - 0x000007feed2bd000 	C:\Windows\system32\opengl32.dll
0x000007feed4e0000 - 0x000007feed50d000 	C:\Windows\system32\GLU32.dll
0x000007feed0a0000 - 0x000007feed191000 	C:\Windows\system32\DDRAW.dll
0x000007fef6080000 - 0x000007fef6088000 	C:\Windows\system32\DCIMAN32.dll
0x000007fefe770000 - 0x000007fefe947000 	C:\Windows\system32\SETUPAPI.dll
0x000007fefd540000 - 0x000007fefd576000 	C:\Windows\system32\CFGMGR32.dll
0x000007fefd4b0000 - 0x000007fefd4ca000 	C:\Windows\system32\DEVOBJ.dll
0x000000006c490000 - 0x000000006c4aa000 	C:\Program Files\Java\jdk1.8.0_191\jre\bin\net.dll
0x000007fefcb40000 - 0x000007fefcb95000 	C:\Windows\system32\mswsock.dll
0x000007fefcb30000 - 0x000007fefcb37000 	C:\Windows\System32\wship6.dll
0x0000000062300000 - 0x0000000062311000 	C:\Program Files\Java\jdk1.8.0_191\jre\bin\nio.dll
0x0000000060c10000 - 0x0000000060c52000 	C:\Program Files\Java\jdk1.8.0_191\jre\bin\t2k.dll
0x0000000062210000 - 0x000000006223a000 	C:\Program Files\Java\jdk1.8.0_191\jre\bin\dcpr.dll
0x000007fef5fc0000 - 0x000007fef6060000 	C:\Windows\WinSxS\amd64_microsoft.windows.common-controls_6595b64144ccf1df_5.82.7601.18837_none_a4d981ff711297b6\comctl32.dll
0x000007feff320000 - 0x000007feff3b9000 	C:\Windows\system32\CLBCatQ.DLL
0x000007fefb8b0000 - 0x000007fefb9dc000 	C:\Windows\system32\propsys.dll
0x000007fefa640000 - 0x000007fefa66d000 	C:\Windows\system32\ntmarta.dll
0x000007fefd7d0000 - 0x000007fefd822000 	C:\Windows\system32\WLDAP32.dll
0x000007fefd1b0000 - 0x000007fefd207000 	C:\Windows\system32\apphelp.dll
0x000007feeda40000 - 0x000007feedbdc000 	C:\Windows\system32\NetworkExplorer.dll
0x000007fef5d20000 - 0x000007fef5d54000 	C:\Windows\System32\shdocvw.dll
0x000007fefaf20000 - 0x000007fefaf2b000 	C:\Windows\system32\slc.dll
0x000007fef8120000 - 0x000007fef8138000 	C:\Windows\system32\MPR.dll
0x000007fef8110000 - 0x000007fef811a000 	C:\Windows\System32\drprov.dll
0x000007fefc7a0000 - 0x000007fefc7dd000 	C:\Windows\System32\WINSTA.dll
0x000007fef80e0000 - 0x000007fef8102000 	C:\Windows\System32\ntlanman.dll
0x000007fef7550000 - 0x000007fef756e000 	C:\Windows\System32\davclnt.dll
0x000007fef80d0000 - 0x000007fef80da000 	C:\Windows\System32\DAVHLPR.dll
0x000007fefb140000 - 0x000007fefb155000 	C:\Windows\system32\wkscli.dll
0x000007fef6f30000 - 0x000007fef6f3f000 	C:\Windows\system32\cscapi.dll
0x000007fefc790000 - 0x000007fefc79c000 	C:\Windows\system32\netutils.dll
0x000007fee3610000 - 0x000007fee3881000 	C:\Windows\system32\wpdshext.dll
0x000007fefbb10000 - 0x000007fefbd27000 	C:\Windows\WinSxS\amd64_microsoft.windows.gdiplus_6595b64144ccf1df_1.1.7601.23807_none_14556b8e8b95d1fc\gdiplus.dll
0x000007fef7050000 - 0x000007fef710d000 	C:\Windows\system32\PortableDeviceApi.dll
0x000007fefd3d0000 - 0x000007fefd40b000 	C:\Windows\system32\WINTRUST.dll
0x000007fefd580000 - 0x000007fefd6ed000 	C:\Windows\system32\CRYPT32.dll
0x000007fefd380000 - 0x000007fefd38f000 	C:\Windows\system32\MSASN1.dll
0x000007fefa730000 - 0x000007fefa769000 	C:\Windows\system32\PortableDeviceTypes.dll
0x000007fef5e80000 - 0x000007fef5eb5000 	C:\Windows\system32\EhStorShell.dll
0x000007feebda0000 - 0x000007feebdc7000 	C:\Windows\system32\EhStorAPI.dll
0x000007fef6c90000 - 0x000007fef6c9c000 	C:\Windows\system32\LINKINFO.dll
0x000007fefb3e0000 - 0x000007fefb541000 	C:\Windows\system32\WindowsCodecs.dll
0x000007fef3550000 - 0x000007fef378f000 	C:\Program Files\Microsoft Office 15\root\VFS\ProgramFilesX64\Microsoft Office\Office15\GROOVEEX.DLL
0x0000000067fc0000 - 0x0000000068058000 	C:\Program Files\Microsoft Office 15\root\VFS\ProgramFilesX64\Microsoft Office\Office15\MSVCP100.dll
0x000000006c500000 - 0x000000006c52b000 	C:\Program Files\Microsoft Office 15\root\VFS\ProgramFilesX64\Microsoft Office\Office15\ATL100.DLL
0x000007fef2350000 - 0x000007fef266e000 	C:\Windows\system32\msi.dll
0x000007fef15c0000 - 0x000007fef1e45000 	C:\Program Files\Microsoft Office 15\root\VFS\ProgramFilesX64\Microsoft Office\Office15\1049\GrooveIntlResource.dll
0x000007fef4c90000 - 0x000007fef4d0e000 	C:\Windows\System32\cscui.dll
0x000007fef6e20000 - 0x000007fef6e2c000 	C:\Windows\System32\CSCDLL.dll
0x000007fef3ab0000 - 0x000007fef3b30000 	C:\Windows\system32\ntshrui.dll
0x000007fefcdb0000 - 0x000007fefcdd3000 	C:\Windows\system32\srvcli.dll

VM Arguments:
jvm_args: -Dfile.encoding=UTF-8 
java_command: javaapplication5.JavaApplication5
java_class_path (initial): C:\Users\Nazarov\Downloads\commons-lang3-3.0.1.jar;C:\Users\Nazarov\Downloads\opencsv-4.6.jar;C:\Users\Nazarov\Downloads\jfreechart-1.0.19\lib\jcommon-1.0.23.jar;C:\Users\Nazarov\Downloads\jfreechart-1.0.19\lib\jfreechart-1.0.19.jar;C:\Users\Nazarov\Documents\NetBeansProjects\JavaApplication5\build\classes
Launcher Type: SUN_STANDARD

Environment Variables:
PATH=C:\Program Files (x86)\Common Files\Oracle\Java\javapath;C:\Program Files (x86)\Intel\iCLS Client\;C:\Program Files\Intel\iCLS Client\;C:\Windows\system32;C:\Windows;C:\Windows\System32\Wbem;C:\Windows\System32\WindowsPowerShell\v1.0\;C:\Program Files (x86)\Intel\UCRT\;C:\Program Files\Intel\UCRT\;C:\Program Files (x86)\Intel\Intel(R) Management Engine Components\DAL;C:\Program Files\Intel\Intel(R) Management Engine Components\DAL;C:\Program Files (x86)\Intel\Intel(R) Management Engine Components\IPT;C:\Program Files\Intel\Intel(R) Management Engine Components\IPT;C:\Program Files (x86)\Common Files\Oracle\Java\javapath;C:\Program Files (x86)\Intel\iCLS Client\;C:\Program Files\Intel\iCLS Client\;C:\Windows\system32;C:\Windows;C:\Windows\System32\Wbem;C:\Windows\System32\WindowsPowerShell\v1.0\;C:\Program Files (x86)\Intel\UCRT\;C:\Program Files\Intel\UCRT\;C:\Program Files (x86)\Intel\Intel(R) Management Engine Components\DAL;C:\Program Files\Intel\Intel(R) Management Engine Components\DAL;C:\Program Files (x86)\Intel\Intel(R) Management Engine Components\IPT;C:\Program Files\Intel\Intel(R) Management Engine Components\IPT;C:\Users\Nazarov\AppData\Local\Programs\Git\cmd
USERNAME=nazarov
OS=Windows_NT
PROCESSOR_IDENTIFIER=Intel64 Family 6 Model 94 Stepping 3, GenuineIntel



---------------  S Y S T E M  ---------------

OS: Windows 7 , 64 bit Build 7601 (6.1.7601.23864)

CPU:total 4 (initial active 4) (2 cores per cpu, 2 threads per core) family 6 model 94 stepping 3, cmov, cx8, fxsr, mmx, sse, sse2, sse3, ssse3, sse4.1, sse4.2, popcnt, avx, avx2, aes, clmul, erms, 3dnowpref, lzcnt, ht, tsc, tscinvbit, bmi1, bmi2, adx

Memory: 4k page, physical 8273880k(987704k free), swap 8272020k(5092k free)

vm_info: Java HotSpot(TM) 64-Bit Server VM (25.191-b12) for windows-amd64 JRE (1.8.0_191-b12), built on Oct  6 2018 09:29:03 by "java_re" with MS VC++ 10.0 (VS2010)

time: Wed Jun 19 15:02:13 2019
elapsed time: 4 seconds (0d 0h 0m 4s)

