JvmtiExport can_access_local_variables 0
JvmtiExport can_hotswap_or_post_breakpoint 0
JvmtiExport can_post_on_exceptions 0
# 435 ciObject found
ciMethod java/lang/Object <init> ()V 4097 1 1003744 0 0
ciMethod java/lang/Object getClass ()Ljava/lang/Class; 2049 1 256 0 -1
ciMethod java/lang/Object hashCode ()I 2049 1 256 0 -1
ciMethod java/lang/Object equals (Ljava/lang/Object;)Z 4097 1 35072 0 -1
ciMethod java/lang/String <init> ([CII)V 2905 1 14805 0 704
ciMethod java/lang/String length ()I 4097 1 3431408 0 0
ciMethod java/lang/String charAt (I)C 4097 1 3563361 0 -1
ciMethod java/lang/String equals (Ljava/lang/Object;)Z 2145 10249 2637 0 -1
ciMethod java/lang/String hashCode ()I 2833 32769 2050 0 288
ciMethod java/lang/String indexOf (I)I 2049 1 6249 0 0
ciMethod java/lang/String indexOf (II)I 1025 30065 1000 0 384
ciMethod java/lang/String indexOfSupplementary (II)I 0 0 1 0 -1
ciMethod java/lang/String substring (I)Ljava/lang/String; 2057 1 5875 0 0
ciMethod java/lang/String substring (II)Ljava/lang/String; 2153 1 7083 0 992
ciMethod java/lang/String split (Ljava/lang/String;I)[Ljava/lang/String; 289 105 141 0 -1
ciMethod java/lang/String split (Ljava/lang/String;)[Ljava/lang/String; 289 1 141 0 0
ciMethod java/lang/String trim ()Ljava/lang/String; 41 1 25748 0 224
ciMethod java/lang/System arraycopy (Ljava/lang/Object;ILjava/lang/Object;II)V 6145 1 768 0 -1
ciMethod java/lang/ref/Reference get ()Ljava/lang/Object; 2065 1 258 0 -1
ciMethod java/util/Map containsKey (Ljava/lang/Object;)Z 0 0 1 0 -1
ciMethod java/util/Map get (Ljava/lang/Object;)Ljava/lang/Object; 0 0 1 0 -1
ciMethod java/util/Map put (Ljava/lang/Object;Ljava/lang/Object;)Ljava/lang/Object; 0 0 1 0 -1
ciMethod java/util/Map keySet ()Ljava/util/Set; 0 0 1 0 -1
ciMethod java/util/Hashtable <init> (IF)V 1657 1 220 0 0
ciMethod java/util/Hashtable get (Ljava/lang/Object;)Ljava/lang/Object; 3105 1001 7041 0 -1
ciMethod java/util/Hashtable rehash ()V 57 10793 130 0 -1
ciMethod java/util/Hashtable addEntry (ILjava/lang/Object;Ljava/lang/Object;I)V 4097 1 3718 0 -1
ciMethod java/util/Hashtable put (Ljava/lang/Object;Ljava/lang/Object;)Ljava/lang/Object; 4097 1305 4015 0 -1
ciMethod java/util/Hashtable remove (Ljava/lang/Object;)Ljava/lang/Object; 369 169 565 0 -1
ciMethod java/util/Hashtable entrySet ()Ljava/util/Set; 65 1 8 0 -1
ciMethod java/util/Dictionary <init> ()V 1761 1 220 0 0
ciMethod java/lang/AbstractStringBuilder <init> (I)V 1273 1 89351 0 -1
ciMethod java/lang/AbstractStringBuilder append (Ljava/lang/String;)Ljava/lang/AbstractStringBuilder; 2345 1 5433 0 -1
ciMethod java/lang/StringBuilder <init> ()V 953 1 28760 0 0
ciMethod java/lang/StringBuilder append (Ljava/lang/String;)Ljava/lang/StringBuilder; 2033 1 6560 0 1024
ciMethod java/lang/StringBuilder toString ()Ljava/lang/String; 1041 1 23987 0 832
ciMethod java/lang/Boolean booleanValue ()Z 1065 1 133 0 -1
ciMethod java/lang/Float isNaN (F)Z 2121 1 672 0 0
ciMethod java/lang/Float floatToRawIntBits (F)I 2049 1 256 0 -1
ciMethod java/lang/Number <init> ()V 3305 1 96703 0 32
ciMethod java/lang/Integer valueOf (I)Ljava/lang/Integer; 2049 1 25301 0 192
ciMethod java/lang/Integer <init> (I)V 3041 1 1847 0 0
ciMethod java/lang/Integer intValue ()I 1089 1 136 0 -1
ciMethod java/lang/NullPointerException <init> ()V 0 0 1 0 -1
ciMethod java/security/AccessController doPrivileged (Ljava/security/PrivilegedAction;)Ljava/lang/Object; 2049 1 256 0 -1
ciMethod java/util/List size ()I 0 0 1 0 -1
ciMethod java/util/List iterator ()Ljava/util/Iterator; 0 0 1 0 -1
ciMethod java/util/List toArray ([Ljava/lang/Object;)[Ljava/lang/Object; 0 0 1 0 -1
ciMethod java/util/List add (Ljava/lang/Object;)Z 0 0 1 0 -1
ciMethod java/util/List sort (Ljava/util/Comparator;)V 0 0 1 0 -1
ciMethod java/util/AbstractList <init> ()V 2065 1 16501 0 0
ciMethod java/util/AbstractCollection <init> ()V 3641 1 17062 0 0
ciMethod java/util/ArrayList <init> ()V 1913 1 880 0 0
ciMethod java/util/ArrayList calculateCapacity ([Ljava/lang/Object;I)I 2185 1 54863 0 -1
ciMethod java/util/ArrayList ensureCapacityInternal (I)V 2177 1 54804 0 -1
ciMethod java/util/ArrayList ensureExplicitCapacity (I)V 2201 1 54863 0 -1
ciMethod java/util/ArrayList grow (I)V 345 1 414 0 -1
ciMethod java/util/ArrayList hugeCapacity (I)I 0 0 1 0 -1
ciMethod java/util/ArrayList size ()I 1033 1 129 0 0
ciMethod java/util/ArrayList toArray ([Ljava/lang/Object;)[Ljava/lang/Object; 641 1 7808 0 1184
ciMethod java/util/ArrayList add (Ljava/lang/Object;)Z 2161 1 38228 0 736
ciMethod java/util/ArrayList iterator ()Ljava/util/Iterator; 1073 1 4348 0 0
ciMethod java/util/ArrayList access$000 (Ljava/util/ArrayList;)I 1161 1 145 0 0
ciMethod java/util/Collections sort (Ljava/util/List;Ljava/util/Comparator;)V 97 1 41 0 -1
ciMethod java/util/Set iterator ()Ljava/util/Iterator; 0 0 1 0 -1
ciMethod java/util/AbstractSet <init> ()V 2057 1 467 0 -1
ciMethod java/util/AbstractMap <init> ()V 2689 1 1413 0 0
ciMethod java/util/HashMap hash (Ljava/lang/Object;)I 3121 1 21767 0 0
ciMethod java/util/HashMap comparableClassFor (Ljava/lang/Object;)Ljava/lang/Class; 1825 1 728 0 -1
ciMethod java/util/HashMap compareComparables (Ljava/lang/Class;Ljava/lang/Object;Ljava/lang/Object;)I 0 0 1 0 -1
ciMethod java/util/HashMap <init> ()V 1089 1 870 0 0
ciMethod java/util/HashMap get (Ljava/lang/Object;)Ljava/lang/Object; 3073 1 6795 0 608
ciMethod java/util/HashMap getNode (ILjava/lang/Object;)Ljava/util/HashMap$Node; 2049 33 5430 0 480
ciMethod java/util/HashMap containsKey (Ljava/lang/Object;)Z 2961 1 4576 0 0
ciMethod java/util/HashMap put (Ljava/lang/Object;Ljava/lang/Object;)Ljava/lang/Object; 2049 1 9209 0 0
ciMethod java/util/HashMap putVal (ILjava/lang/Object;Ljava/lang/Object;ZZ)Ljava/lang/Object; 2073 113 9389 0 0
ciMethod java/util/HashMap resize ()[Ljava/util/HashMap$Node; 289 1241 1138 0 -1
ciMethod java/util/HashMap treeifyBin ([Ljava/util/HashMap$Node;I)V 1 1 6 0 0
ciMethod java/util/HashMap keySet ()Ljava/util/Set; 1697 1 207 0 0
ciMethod java/util/HashMap newNode (ILjava/lang/Object;Ljava/lang/Object;Ljava/util/HashMap$Node;)Ljava/util/HashMap$Node; 2169 1 5392 0 224
ciMethod java/util/HashMap newTreeNode (ILjava/lang/Object;Ljava/lang/Object;Ljava/util/HashMap$Node;)Ljava/util/HashMap$TreeNode; 57 1 7 0 -1
ciMethod java/util/HashMap replacementTreeNode (Ljava/util/HashMap$Node;Ljava/util/HashMap$Node;)Ljava/util/HashMap$TreeNode; 369 1 46 0 -1
ciMethod java/util/HashMap afterNodeAccess (Ljava/util/HashMap$Node;)V 3273 1 1222 0 0
ciMethod java/util/HashMap afterNodeInsertion (Z)V 2265 1 1445 0 0
ciMethod java/util/Map$Entry getKey ()Ljava/lang/Object; 0 0 1 0 -1
ciMethod java/util/Map$Entry getValue ()Ljava/lang/Object; 0 0 1 0 -1
ciMethod java/util/HashMap$Node <init> (ILjava/lang/Object;Ljava/lang/Object;Ljava/util/HashMap$Node;)V 2185 1 5605 0 0
ciMethod java/util/Hashtable$Entry <init> (ILjava/lang/Object;Ljava/lang/Object;Ljava/util/Hashtable$Entry;)V 4097 1 3718 0 -1
ciMethod java/lang/Math min (II)I 4089 1 255740 0 -1
ciMethod java/lang/Math min (FF)F 3081 1 47522 0 0
ciMethod java/lang/ThreadLocal get ()Ljava/lang/Object; 817 1 448 0 -1
ciMethod java/util/concurrent/atomic/AtomicInteger get ()I 1817 1 227 0 0
ciMethod java/util/Arrays copyOf ([Ljava/lang/Object;I)[Ljava/lang/Object; 2057 1 560 0 -1
ciMethod java/util/Arrays copyOf ([Ljava/lang/Object;ILjava/lang/Class;)[Ljava/lang/Object; 3081 1 845 0 -1
ciMethod java/util/Arrays copyOfRange ([CII)[C 3121 1 5517 0 512
ciMethod java/util/Iterator hasNext ()Z 0 0 1 0 -1
ciMethod java/util/Iterator next ()Ljava/lang/Object; 0 0 1 0 -1
ciMethodData java/lang/Object <init> ()V 2 1003744 orig 264 88 131 12 82 0 0 0 0 128 4 199 22 0 0 0 0 32 1 0 0 0 0 0 0 0 0 0 0 0 0 0 0 0 0 0 0 0 0 0 0 0 0 0 0 0 0 0 0 0 0 0 0 0 0 0 0 0 0 0 0 0 0 0 0 0 0 0 0 0 0 0 0 0 0 0 0 0 0 0 0 77 68 79 32 101 120 116 114 97 32 100 97 116 97 32 108 111 99 107 0 0 0 0 0 0 0 0 0 0 0 0 0 0 0 0 0 0 0 0 0 0 0 0 0 0 0 0 0 0 0 0 0 0 0 0 0 0 0 0 0 0 0 0 0 0 0 0 0 0 0 0 0 0 0 0 0 0 0 0 0 0 0 0 0 0 0 0 0 0 0 0 0 0 0 0 0 0 0 0 0 0 0 0 0 1 0 0 0 0 0 0 0 1 0 0 0 0 0 0 0 1 0 0 0 0 0 0 0 0 0 0 0 0 0 0 0 0 2 0 0 1 119 122 0 1 0 0 0 0 0 0 0 0 0 0 0 2 0 0 0 0 0 3 0 1 0 0 0 0 0 0 0 255 255 255 255 0 0 0 0 0 0 0 0 data 0 oops 0
ciMethod java/lang/IllegalArgumentException <init> (Ljava/lang/String;)V 0 0 28 0 -1
ciMethodData java/lang/String charAt (I)C 2 3563361 orig 264 88 131 12 82 0 0 0 0 104 61 199 22 0 0 0 0 120 1 0 0 32 0 0 0 0 0 0 0 0 0 0 0 0 0 0 0 0 0 0 0 0 0 0 0 0 0 0 0 0 0 0 0 0 0 0 0 0 0 0 0 0 0 0 0 0 0 0 0 0 0 0 0 0 0 0 0 0 0 0 0 77 68 79 32 101 120 116 114 97 32 100 97 116 97 32 108 111 99 107 0 0 0 0 0 0 0 0 0 0 0 0 0 0 0 0 0 0 0 0 0 0 0 0 0 0 0 0 0 0 0 0 0 0 0 0 0 0 0 0 0 0 0 0 0 0 0 0 0 0 0 0 0 0 0 0 0 0 0 0 0 0 0 0 0 0 0 0 0 0 0 0 0 0 0 0 0 0 0 0 0 0 0 0 0 25 0 0 0 0 0 0 0 0 0 0 0 0 0 0 0 1 0 0 0 0 0 0 0 0 0 0 0 0 0 0 0 0 2 0 0 9 235 178 1 1 0 0 0 0 0 0 0 0 0 0 0 2 0 0 0 0 0 8 0 2 0 0 0 80 0 0 0 255 255 255 255 7 0 1 0 0 0 0 0 data 10 0x10007 0x0 0x40 0x365d61 0xa0007 0x365d61 0x30 0x0 0x120002 0x0 oops 0
ciMethod java/util/Locale getDefault ()Ljava/util/Locale; 2065 1 320 0 0
ciMethod java/util/HashMap$TreeNode root ()Ljava/util/HashMap$TreeNode; 0 0 1 0 0
ciMethod java/util/HashMap$TreeNode moveRootToFront ([Ljava/util/HashMap$Node;Ljava/util/HashMap$TreeNode;)V 105 1 13 0 -1
ciMethod java/util/HashMap$TreeNode find (ILjava/lang/Object;Ljava/lang/Class;)Ljava/util/HashMap$TreeNode; 2065 1953 1107 0 0
ciMethod java/util/HashMap$TreeNode getTreeNode (ILjava/lang/Object;)Ljava/util/HashMap$TreeNode; 2049 1 425 0 0
ciMethod java/util/HashMap$TreeNode tieBreakOrder (Ljava/lang/Object;Ljava/lang/Object;)I 433 1 54 0 -1
ciMethod java/util/HashMap$TreeNode treeify ([Ljava/util/HashMap$Node;)V 49 1001 6 0 -1
ciMethod java/util/HashMap$TreeNode putTreeVal (Ljava/util/HashMap;[Ljava/util/HashMap$Node;ILjava/lang/Object;Ljava/lang/Object;)Ljava/util/HashMap$TreeNode; 41 113 7 0 0
ciMethod java/util/HashMap$TreeNode split (Ljava/util/HashMap;[Ljava/util/HashMap$Node;II)V 57 561 7 0 -1
ciMethod java/util/HashMap$TreeNode balanceInsertion (Ljava/util/HashMap$TreeNode;Ljava/util/HashMap$TreeNode;)Ljava/util/HashMap$TreeNode; 449 305 56 0 -1
ciMethodData java/lang/String hashCode ()I 2 22363 orig 264 88 131 12 82 0 0 0 0 184 79 199 22 0 0 0 0 152 1 0 0 32 0 0 0 0 0 0 0 0 0 0 0 0 0 0 0 0 0 0 0 0 0 0 0 0 0 0 0 0 0 0 0 0 0 0 0 0 0 0 0 0 0 0 0 0 0 0 0 0 0 0 0 0 0 0 0 0 0 0 0 77 68 79 32 101 120 116 114 97 32 100 97 116 97 32 108 111 99 107 0 0 0 0 0 0 0 0 0 0 0 0 0 0 0 0 0 0 0 0 0 0 0 0 0 0 0 0 0 0 0 0 0 0 0 0 0 0 0 0 0 0 0 0 0 0 0 0 0 0 0 0 0 0 0 0 0 0 0 0 0 0 0 0 0 0 0 0 0 0 0 0 0 0 0 0 0 0 0 0 0 0 0 0 0 0 0 0 0 0 0 0 0 0 0 0 0 0 0 0 0 0 0 0 0 0 0 0 0 0 0 0 0 0 0 0 0 0 16 0 0 1 53 0 0 217 58 2 0 0 0 0 0 0 0 0 0 2 0 0 0 1 0 11 0 2 0 0 0 120 0 0 0 255 255 255 255 7 0 6 0 0 0 0 0 data 15 0x60007 0x42e 0x78 0x272 0xe0007 0x9 0x58 0x269 0x1e0007 0x269 0x38 0x4751 0x2d0003 0x4751 0xffffffffffffffe0 oops 0
ciMethodData java/lang/String indexOf (II)I 2 29575 orig 264 88 131 12 82 0 0 0 0 56 81 199 22 0 0 0 0 16 2 0 0 88 0 0 0 0 0 0 0 0 0 0 0 0 0 0 0 0 0 0 0 0 0 0 0 0 0 0 0 0 0 0 0 0 0 0 0 0 0 0 0 0 0 0 0 0 0 0 0 0 0 0 0 0 0 0 0 0 0 0 0 77 68 79 32 101 120 116 114 97 32 100 97 116 97 32 108 111 99 107 0 0 0 0 0 0 0 0 0 0 0 0 0 0 0 0 0 0 0 0 0 0 0 0 0 0 0 0 0 0 0 0 0 0 0 0 0 0 0 0 0 0 0 0 0 0 0 0 0 0 0 0 0 0 0 0 0 0 0 0 0 0 0 0 0 0 0 0 0 0 0 0 0 0 0 0 0 0 0 0 0 0 0 0 0 0 0 0 0 0 0 0 0 0 0 0 0 0 0 0 0 0 0 0 0 0 0 0 0 0 0 0 0 0 0 0 0 174 14 0 0 65 27 0 0 201 38 3 0 0 0 0 0 0 0 0 0 2 0 0 0 1 0 15 0 2 0 0 0 224 0 0 0 255 255 255 255 7 0 7 0 0 0 0 0 data 28 0x70007 0x368 0x38 0x0 0xc0003 0x0 0x38 0x110007 0x348 0x20 0x20 0x190007 0x0 0x78 0x348 0x280007 0x1df 0x58 0x6642 0x310007 0x64d9 0x20 0x169 0x3a0003 0x64d9 0xffffffffffffffc0 0x420002 0x0 oops 0
ciMethodData java/lang/String length ()I 2 3431442 orig 264 88 131 12 82 0 0 0 0 24 60 199 22 0 0 0 0 32 1 0 0 0 0 0 0 0 0 0 0 0 0 0 0 0 0 0 0 0 0 0 0 0 0 0 0 0 0 0 0 0 0 0 0 0 0 0 0 0 0 0 0 0 0 0 0 0 0 0 0 0 0 0 0 0 0 0 0 0 0 0 0 77 68 79 32 101 120 116 114 97 32 100 97 116 97 32 108 111 99 107 0 0 0 0 0 0 0 0 0 0 0 0 0 0 0 0 0 0 0 0 0 0 0 0 0 0 0 0 0 0 0 0 0 0 0 0 0 0 0 0 0 0 0 0 0 0 0 0 0 0 0 0 0 0 0 0 0 0 0 0 0 0 0 0 0 0 0 0 0 0 0 0 0 0 0 0 0 0 0 0 0 0 0 0 0 1 0 0 0 0 0 0 0 0 0 0 0 0 0 0 0 1 0 0 0 0 0 0 0 0 0 0 0 0 0 0 0 0 2 0 0 145 208 162 1 1 0 0 0 0 0 0 0 0 0 0 0 2 0 0 0 0 0 3 0 1 0 0 0 0 0 0 0 255 255 255 255 0 0 0 0 0 0 0 0 data 0 oops 0
ciMethodData java/util/Arrays copyOfRange ([CII)[C 2 5517 orig 264 88 131 12 82 0 0 0 0 232 159 216 22 0 0 0 0 120 2 0 0 240 0 0 0 0 0 0 0 0 0 0 0 0 0 0 0 0 0 0 0 0 0 0 0 0 0 0 0 0 0 0 0 0 0 0 0 0 0 0 0 0 0 0 0 0 0 0 0 0 0 0 0 0 0 0 0 0 0 0 0 77 68 79 32 101 120 116 114 97 32 100 97 116 97 32 108 111 99 107 0 0 0 0 0 0 0 0 0 0 0 0 0 0 0 0 0 0 0 0 0 0 0 0 0 0 0 0 0 0 0 0 0 0 0 0 0 0 0 0 0 0 0 0 0 0 0 0 0 0 0 0 0 0 0 0 0 0 0 0 0 0 0 0 0 0 0 0 0 0 0 0 0 0 0 0 0 0 0 0 0 0 0 0 0 0 0 0 0 0 0 0 0 0 0 0 0 0 0 0 0 0 0 0 0 0 0 0 0 0 0 0 0 0 0 0 0 134 1 0 0 57 160 0 0 1 0 0 0 0 0 0 0 0 0 0 0 2 0 0 0 0 0 9 0 2 0 0 0 32 1 0 0 255 255 255 255 7 0 5 0 0 0 0 0 data 36 0x50007 0x1407 0x100 0x0 0x100002 0x0 0x140005 0x0 0x0 0x0 0x0 0x0 0x190005 0x0 0x0 0x0 0x0 0x0 0x1d0005 0x0 0x0 0x0 0x0 0x0 0x200005 0x0 0x0 0x0 0x0 0x0 0x230002 0x0 0x360002 0x1407 0x390002 0x1407 oops 0
ciMethodData java/lang/String <init> ([CII)V 2 14805 orig 264 88 131 12 82 0 0 0 0 88 49 199 22 0 0 0 0 80 2 0 0 64 0 0 0 0 0 0 0 0 0 0 0 0 0 0 0 0 0 0 0 0 0 0 0 0 0 0 0 0 0 0 0 0 0 0 0 0 0 0 0 0 0 0 0 0 0 0 0 0 0 0 0 0 0 0 0 0 0 0 0 77 68 79 32 101 120 116 114 97 32 100 97 116 97 32 108 111 99 107 0 0 0 0 0 0 0 0 0 0 0 0 0 0 0 0 0 0 0 0 0 0 0 0 0 0 0 0 0 0 0 0 0 0 0 0 0 0 0 0 0 0 0 0 0 1 0 0 0 0 0 0 0 0 0 0 0 0 0 0 0 0 0 0 0 0 0 0 0 0 0 0 0 0 0 0 0 0 0 0 1 0 0 0 0 0 0 0 0 0 0 0 0 0 0 0 0 0 0 0 0 0 0 0 0 0 0 0 0 0 0 0 0 0 0 0 0 107 1 0 0 81 195 1 0 1 0 0 0 68 20 0 0 0 0 0 0 2 0 0 0 0 0 14 0 2 0 0 0 240 0 0 0 255 255 255 255 2 0 1 0 0 0 0 0 data 30 0x10002 0x386a 0x50007 0x386a 0x30 0x0 0xd0002 0x0 0x12e007 0x3866 0x70 0x5 0x160007 0x5 0x30 0x0 0x1e0002 0x0 0x250007 0x0 0x20 0x5 0x370007 0x3866 0x30 0x0 0x410002 0x0 0x4b0002 0x3866 oops 0
ciMethod javax/swing/JComponent getClientProperty (Ljava/lang/Object;)Ljava/lang/Object; 3073 1 5864 0 1632
ciMethodData java/lang/String indexOf (I)I 2 6249 orig 264 88 131 12 82 0 0 0 0 80 80 199 22 0 0 0 0 128 1 0 0 0 0 0 0 0 0 0 0 0 0 0 0 0 0 0 0 0 0 0 0 0 0 0 0 0 0 0 0 0 0 0 0 0 0 0 0 0 0 0 0 0 0 0 0 0 0 0 0 0 0 0 0 0 0 0 0 0 0 0 0 77 68 79 32 101 120 116 114 97 32 100 97 116 97 32 108 111 99 107 0 0 0 0 0 0 0 0 0 0 0 0 0 0 0 0 0 0 0 0 0 0 0 0 0 0 0 0 0 0 0 0 0 0 0 0 0 0 0 0 0 0 0 0 0 0 0 0 0 0 0 0 0 0 0 0 0 0 0 0 0 0 0 0 0 0 0 0 0 0 0 0 0 0 0 0 0 0 0 0 0 0 0 0 0 0 0 0 0 0 0 0 0 0 0 0 0 0 0 0 0 0 0 0 0 0 0 0 0 0 0 0 0 0 0 0 0 0 1 0 0 73 187 0 0 1 0 0 0 0 0 0 0 0 0 0 0 2 0 0 0 0 0 3 0 2 0 0 0 48 0 0 0 255 255 255 255 5 0 3 0 0 0 0 0 data 6 0x30005 0x6 0x17547390 0x1763 0x0 0x0 oops 1 2 java/lang/String
ciMethod java/util/HashMap$HashIterator hasNext ()Z 2825 1 7988 0 64
ciMethod java/util/HashMap$HashIterator nextNode ()Ljava/util/HashMap$Node; 2905 9041 3356 0 512
ciMethodData java/lang/Number <init> ()V 2 96703 orig 264 88 131 12 82 0 0 0 0 80 233 208 22 0 0 0 0 48 1 0 0 0 0 0 0 0 0 0 0 0 0 0 0 0 0 0 0 0 0 0 0 0 0 0 0 0 0 0 0 0 0 0 0 0 0 0 0 0 0 0 0 0 0 0 0 0 0 0 0 0 0 0 0 0 0 0 0 0 0 0 0 77 68 79 32 101 120 116 114 97 32 100 97 116 97 32 108 111 99 107 0 0 0 0 0 0 0 0 0 0 0 0 0 0 0 0 0 0 0 0 0 0 0 0 0 0 0 0 0 0 0 0 0 0 0 0 0 0 0 0 0 0 0 0 0 0 0 0 0 0 0 0 0 0 0 0 0 0 0 0 0 0 0 0 0 0 0 0 0 0 0 0 0 0 0 0 0 0 0 0 0 0 0 0 0 0 0 0 0 0 0 0 0 0 0 0 0 0 0 0 0 0 0 0 0 0 0 0 0 0 0 0 0 0 0 0 0 156 1 0 0 17 193 11 0 1 0 0 0 0 0 0 0 0 0 0 0 2 0 0 0 0 0 3 0 2 0 0 0 16 0 0 0 255 255 255 255 2 0 1 0 0 0 0 0 data 2 0x10002 0x17822 oops 0
ciMethod java/util/ArrayList$Itr <init> (Ljava/util/ArrayList;)V 1073 1 4365 0 0
ciMethod java/util/ArrayList$Itr hasNext ()Z 2073 1 5385 0 96
ciMethod java/util/ArrayList$Itr next ()Ljava/lang/Object; 2049 1 5380 0 224
ciMethod java/util/ArrayList$Itr checkForComodification ()V 2049 1 5545 0 0
ciMethodData java/util/ArrayList add (Ljava/lang/Object;)Z 2 38287 orig 264 88 131 12 82 0 0 0 0 240 7 212 22 0 0 0 0 144 1 0 0 0 0 0 0 0 0 0 0 0 0 0 0 0 0 0 0 0 0 0 0 0 0 0 0 0 0 0 0 0 0 0 0 0 0 0 0 0 0 0 0 0 0 0 0 0 0 0 0 0 0 0 0 0 0 0 0 0 0 0 0 77 68 79 32 101 120 116 114 97 32 100 97 116 97 32 108 111 99 107 0 0 0 0 0 0 0 0 0 0 0 0 0 0 0 0 0 0 0 0 0 0 0 0 0 0 0 0 0 0 0 0 0 0 0 0 0 0 0 0 0 0 0 0 0 0 0 0 0 0 0 0 0 0 0 0 0 0 0 0 0 0 0 0 0 0 0 0 0 0 0 0 0 0 0 0 0 0 0 0 0 0 0 0 0 0 0 0 0 0 0 0 0 0 0 0 0 0 0 0 0 0 0 0 0 0 0 0 0 0 0 0 0 0 0 0 0 14 1 0 0 9 164 4 0 1 0 0 0 0 0 0 0 0 0 0 0 2 0 0 0 0 0 15 0 2 0 0 0 64 0 0 0 255 255 255 255 2 0 7 0 0 0 0 0 data 8 0x70002 0x9481 0x1a0104 0x0 0x17547420 0x37 0x1d8479d0 0xb oops 2 4 java/lang/Class 6 java/lang/invoke/MethodHandleImpl$IntrinsicMethodHandle
ciMethodData java/util/ArrayList ensureCapacityInternal (I)V 2 54863 orig 264 88 131 12 82 0 0 0 0 104 253 211 22 0 0 0 0 112 1 0 0 0 0 0 0 0 0 0 0 0 0 0 0 0 0 0 0 0 0 0 0 0 0 0 0 0 0 0 0 0 0 0 0 0 0 0 0 0 0 0 0 0 0 0 0 0 0 0 0 0 0 0 0 0 0 0 0 0 0 0 0 77 68 79 32 101 120 116 114 97 32 100 97 116 97 32 108 111 99 107 0 0 0 0 0 0 0 0 0 0 0 0 0 0 0 0 0 0 0 0 0 0 0 0 0 0 0 0 0 0 0 0 0 0 0 0 0 0 0 0 0 0 0 0 0 0 0 0 0 0 0 0 0 0 0 0 0 0 0 0 0 0 0 0 0 0 0 0 0 0 0 0 0 0 0 0 0 0 0 0 0 0 0 0 0 0 0 0 0 0 0 0 0 0 0 0 0 0 0 0 0 0 0 0 0 0 0 0 0 0 0 0 0 0 0 0 0 16 1 0 0 249 169 6 0 1 0 0 0 0 0 0 0 0 0 0 0 2 0 0 0 0 0 14 0 2 0 0 0 32 0 0 0 255 255 255 255 2 0 6 0 0 0 0 0 data 4 0x60002 0xd53f 0x90002 0xd53f oops 0
ciMethodData java/util/ArrayList ensureExplicitCapacity (I)V 2 54863 orig 264 88 131 12 82 0 0 0 0 24 254 211 22 0 0 0 0 88 1 0 0 0 0 0 0 0 0 0 0 0 0 0 0 0 0 0 0 0 0 0 0 0 0 0 0 0 0 0 0 0 0 0 0 0 0 0 0 0 0 0 0 0 0 0 0 0 0 0 0 0 0 0 0 0 0 0 0 0 0 0 0 77 68 79 32 101 120 116 114 97 32 100 97 116 97 32 108 111 99 107 0 0 0 0 0 0 0 0 0 0 0 0 0 0 0 0 0 0 0 0 0 0 0 0 0 0 0 0 0 0 0 0 0 0 0 0 0 0 0 0 0 0 0 0 0 0 0 0 0 0 0 0 0 0 0 0 0 0 0 0 0 0 0 0 0 0 0 0 0 0 0 0 0 0 0 0 0 0 0 0 0 0 0 0 0 0 0 0 0 0 0 0 0 0 0 0 0 0 0 0 0 0 0 0 0 0 0 0 0 0 0 0 0 0 0 0 0 19 1 0 0 225 169 6 0 1 0 0 0 0 0 0 0 0 0 0 0 2 0 0 0 0 0 6 0 2 0 0 0 48 0 0 0 255 255 255 255 7 0 17 0 0 0 0 0 data 6 0x110007 0xd3c9 0x30 0x173 0x160002 0x173 oops 0
ciMethodData java/util/ArrayList grow (I)V 1 414 orig 264 88 131 12 82 0 0 0 0 224 254 211 22 0 0 0 0 176 1 0 0 64 0 0 0 0 0 0 0 0 0 0 0 0 0 0 0 0 0 0 0 0 0 0 0 0 0 0 0 0 0 0 0 0 0 0 0 0 0 0 0 0 0 0 0 0 0 0 0 0 0 0 0 0 0 0 0 0 0 0 0 77 68 79 32 101 120 116 114 97 32 100 97 116 97 32 108 111 99 107 0 0 0 0 0 0 0 0 0 0 0 0 0 0 0 0 0 0 0 0 0 0 0 0 0 0 0 0 0 0 0 0 0 0 0 0 0 0 0 0 0 0 0 0 0 0 0 0 0 0 0 0 0 0 0 0 0 0 0 0 0 0 0 0 0 0 0 0 0 0 0 0 0 0 0 0 0 0 0 0 0 0 0 0 0 0 0 0 0 0 0 0 0 0 0 0 0 0 0 0 0 0 0 0 0 0 0 0 0 0 0 0 0 0 0 0 0 43 0 0 0 153 11 0 0 1 0 0 0 0 0 0 0 0 0 0 0 2 0 0 0 0 0 15 0 2 0 0 0 96 0 0 0 255 255 255 255 7 0 15 0 0 0 0 0 data 12 0xf0007 0x41 0x20 0x132 0x180007 0x173 0x30 0x0 0x1c0002 0x0 0x260002 0x173 oops 0
ciMethodData java/lang/String substring (II)Ljava/lang/String; 2 7083 orig 264 88 131 12 82 0 0 0 0 112 92 199 22 0 0 0 0 40 2 0 0 208 0 0 0 0 0 0 0 0 0 0 0 0 0 0 0 0 0 0 0 0 0 0 0 0 0 0 0 0 0 0 0 0 0 0 0 0 0 0 0 0 0 0 0 0 0 0 0 0 0 0 0 0 0 0 0 0 0 0 0 77 68 79 32 101 120 116 114 97 32 100 97 116 97 32 108 111 99 107 0 0 0 0 0 0 0 0 0 0 0 0 0 0 0 0 0 0 0 0 0 0 0 0 0 0 0 0 0 0 0 0 0 0 0 0 0 0 0 0 0 0 0 0 0 0 0 0 0 0 0 0 0 0 0 0 0 0 0 0 0 0 0 0 0 0 0 0 0 0 0 0 0 0 0 0 0 0 0 0 0 0 0 0 0 0 0 0 0 0 0 0 0 0 0 0 0 0 0 0 0 0 0 0 0 0 0 0 0 0 0 0 0 0 0 0 0 13 1 0 0 241 212 0 0 1 0 0 0 0 0 0 0 0 0 0 0 2 0 0 0 0 0 15 0 2 0 0 0 248 0 0 0 255 255 255 255 7 0 1 0 0 0 0 0 data 31 0x10007 0x1a9e 0x30 0x0 0x90002 0x0 0x130007 0x1a9e 0x30 0x0 0x1b0002 0x0 0x240007 0x1a9e 0x30 0x0 0x2c0002 0x0 0x310007 0x12ad 0x58 0x7f1 0x3a0007 0x771 0x38 0x80 0x3e0003 0x80 0x28 0x4b0002 0x1a1e oops 0
ciMethodData java/lang/String substring (I)Ljava/lang/String; 2 5904 orig 264 88 131 12 82 0 0 0 0 136 91 199 22 0 0 0 0 208 1 0 0 128 0 0 0 0 0 0 0 0 0 0 0 0 0 0 0 0 0 0 0 0 0 0 0 0 0 0 0 0 0 0 0 0 0 0 0 0 0 0 0 0 0 0 0 0 0 0 0 0 0 0 0 0 0 0 0 0 0 0 0 77 68 79 32 101 120 116 114 97 32 100 97 116 97 32 108 111 99 107 0 0 0 0 0 0 0 0 0 0 0 0 0 0 0 0 0 0 0 0 0 0 0 0 0 0 0 0 0 0 0 0 0 0 0 0 0 0 0 0 0 0 0 0 0 0 0 0 0 0 0 0 0 0 0 0 0 0 0 0 0 0 0 0 0 0 0 0 0 0 0 0 0 0 0 0 0 0 0 0 0 0 0 0 0 0 0 0 0 0 0 0 0 0 0 0 0 0 0 0 0 0 0 0 0 0 0 0 0 0 0 0 0 0 0 0 0 1 1 0 0 121 176 0 0 1 0 0 0 0 0 0 0 0 0 0 0 2 0 0 0 0 0 10 0 2 0 0 0 168 0 0 0 255 255 255 255 7 0 1 0 0 0 0 0 data 21 0x10007 0x160f 0x30 0x0 0x90002 0x0 0x160007 0x160f 0x30 0x0 0x1e0002 0x0 0x230007 0xc1e 0x38 0x9f1 0x270003 0x9f1 0x28 0x340002 0xc1e oops 0
ciMethod java/util/EventObject <init> (Ljava/lang/Object;)V 897 1 69529 0 -1
ciMethodData java/util/HashMap hash (Ljava/lang/Object;)I 2 21767 orig 264 88 131 12 82 0 0 0 0 104 136 213 22 0 0 0 0 176 1 0 0 32 0 0 0 0 0 0 0 0 0 0 0 0 0 0 0 0 0 0 0 0 0 0 0 0 0 0 0 0 0 0 0 0 0 0 0 0 0 0 0 0 0 0 0 0 0 0 0 0 0 0 0 0 0 0 0 0 0 0 0 77 68 79 32 101 120 116 114 97 32 100 97 116 97 32 108 111 99 107 0 0 0 0 0 0 0 0 0 0 0 0 0 0 0 0 0 0 0 0 0 0 0 0 0 0 0 0 0 0 0 0 0 0 0 0 0 0 0 0 0 0 0 0 0 0 0 0 0 0 0 0 0 0 0 0 0 0 0 0 0 0 0 0 0 0 0 0 0 0 0 0 0 0 0 0 0 0 0 0 0 0 0 0 0 0 0 0 0 0 0 0 0 0 0 0 0 0 0 0 0 0 0 0 0 0 0 0 0 0 0 0 0 0 0 0 0 134 1 0 0 9 156 2 0 1 0 0 0 0 0 0 0 0 0 0 0 2 0 0 0 0 0 6 0 2 0 0 0 104 0 0 0 255 255 255 255 7 0 1 0 0 0 0 0 data 13 0x10007 0x5094 0x38 0x2ed 0x50003 0x2ed 0x48 0x90005 0x2e01 0x17547390 0x2158 0x17547a50 0x13b oops 2 9 java/lang/String 11 java/security/ProtectionDomain
ciMethod javax/swing/UIManager getLAFState ()Ljavax/swing/UIManager$LAFState; 2465 1 5428 0 192
ciMethod javax/swing/UIManager getLookAndFeel ()Ljavax/swing/LookAndFeel; 4097 1 8787 0 0
ciMethod javax/swing/UIManager getDefaults ()Ljavax/swing/UIDefaults; 2073 1 2224 0 -1
ciMethod javax/swing/UIManager maybeInitialize ()V 4017 1 5968 0 928
ciMethod javax/swing/UIManager initialize ()V 9 1 1 0 -1
ciMethodData java/util/HashMap putVal (ILjava/lang/Object;Ljava/lang/Object;ZZ)Ljava/lang/Object; 2 9389 orig 264 88 131 12 82 0 0 0 0 56 149 213 22 0 0 0 0 176 6 0 0 0 2 0 0 0 0 0 0 0 0 0 0 0 0 0 0 0 0 0 0 0 0 0 0 0 0 0 0 0 0 0 0 0 0 0 0 0 0 0 0 0 0 0 0 0 0 0 0 0 0 0 0 0 0 0 0 0 0 0 0 77 68 79 32 101 120 116 114 97 32 100 97 116 97 32 108 111 99 107 0 0 0 0 0 0 0 0 0 0 0 0 0 0 0 0 0 0 0 0 0 0 0 0 0 0 0 0 0 0 0 0 0 0 0 0 0 0 0 0 0 0 0 0 0 1 0 0 0 0 0 0 0 0 0 0 0 0 0 0 0 0 0 0 0 0 0 0 2 0 0 0 0 0 0 0 0 0 0 0 2 0 0 0 0 0 0 0 0 0 0 0 0 0 0 0 0 0 0 0 0 0 0 0 0 0 0 0 0 0 0 0 0 0 0 0 0 3 1 0 0 81 29 1 0 209 25 0 0 45 21 0 0 86 2 0 0 2 0 0 0 1 0 50 0 2 0 0 0 64 5 0 0 255 255 255 255 7 0 7 0 0 0 0 0 data 168 0x70007 0x3a0 0x40 0x200a 0x100007 0x200a 0x50 0x0 0x140005 0xd 0x19d28cc0 0x391 0x18c51f30 0x2 0x2c0007 0xd41 0x98 0x1669 0x380005 0xf1 0x19d28cc0 0x1574 0x1996e210 0x4 0x3b0004 0x0 0x19b63840 0x1625 0x18c51fe0 0x44 0x3c0003 0x1669 0x3d0 0x450007 0x87e 0xc8 0x4c3 0x510007 0x492 0x90 0x31 0x550007 0x0 0x88 0x31 0x5b0005 0x5 0x17547390 0x1 0x18c52090 0x2b 0x5e0007 0x2e 0x38 0x3 0x650003 0x495 0x278 0x6a0004 0xfffffffffffff759 0x18c4d150 0x5 0x19b63840 0x34 0x6de007 0x8a7 0x98 0x7 0x720004 0x0 0x18c4d150 0x7 0x0 0x0 0x7b0005 0x5 0x18c4d150 0x2 0x0 0x0 0x800003 0x7 0x1b0 0x8e0007 0x351 0xb8 0x890 0x987005 0x1c 0x19d28cc0 0x81f 0x18c51f30 0x57 0xa20007 0x890 0x148 0x2 0xa90005 0x0 0x19d28cc0 0x2 0x0 0x0 0xac0003 0x2 0xf8 0xb50007 0x2ec 0xc8 0x65 0xc10007 0x14 0xc0 0x51 0xc50007 0x0 0x88 0x51 0xcb0005 0x3 0x18c52090 0x4b 0x19ddedb0 0x3 0xce0007 0x4e 0x38 0x3 0xd10003 0x3 0x30 0xdb0003 0x33a 0xfffffffffffffe80 0xe00007 0x899 0x90 0x4ac 0xec0007 0x4ac 0x40 0x0 0xf10007 0x0 0x20 0x0 0xfd0005 0x0 0x19d28cc0 0x4ac 0x0 0x0 0x11c0007 0x1e74 0x50 0x8e 0x1200005 0x4 0x19d28cc0 0x82 0x18c51f30 0x8 0x1270005 0x161 0x19d28cc0 0x1d9a 0x1996e210 0x7 oops 22 10 java/util/HashMap 12 javax/swing/UIDefaults$TextAndMnemonicHashMap 20 java/util/HashMap 22 java/io/ExpiringCache$1 26 java/util/HashMap$Node 28 java/util/LinkedHashMap$Entry 47 java/lang/String 49 javax/swing/plaf/nimbus/DerivedColor$UIResource 60 java/util/HashMap$TreeNode 62 java/util/HashMap$Node 70 java/util/HashMap$TreeNode 76 java/util/HashMap$TreeNode 89 java/util/HashMap 91 javax/swing/UIDefaults$TextAndMnemonicHashMap 99 java/util/HashMap 120 javax/swing/plaf/nimbus/DerivedColor$UIResource 122 javax/swing/plaf/nimbus/DerivedColor 148 java/util/HashMap 158 java/util/HashMap 160 javax/swing/UIDefaults$TextAndMnemonicHashMap 164 java/util/HashMap 166 java/io/ExpiringCache$1
ciMethodData java/util/HashMap resize ()[Ljava/util/HashMap$Node; 2 9516 orig 264 88 131 12 82 0 0 0 0 104 151 213 22 0 0 0 0 56 6 0 0 176 1 0 0 0 0 0 0 0 0 0 0 0 0 0 0 0 0 0 0 0 0 0 0 0 0 0 0 0 0 0 0 0 0 0 0 0 0 0 0 0 0 0 0 0 0 0 0 0 0 0 0 0 0 0 0 0 0 0 0 77 68 79 32 101 120 116 114 97 32 100 97 116 97 32 108 111 99 107 0 0 0 0 0 0 0 0 0 0 0 0 0 0 0 0 0 0 0 0 0 0 0 0 0 0 0 0 0 0 0 0 0 0 0 0 0 0 0 0 0 0 0 0 0 0 0 0 0 0 0 0 0 0 0 0 0 0 0 0 0 0 0 0 0 0 0 0 0 0 0 0 0 0 0 0 0 0 0 0 0 0 0 0 0 0 0 0 0 0 0 0 0 0 0 0 0 0 0 0 0 0 0 0 0 0 0 0 0 0 0 0 0 0 0 0 0 155 0 0 0 113 35 0 0 137 36 1 0 0 0 0 0 0 0 0 0 2 0 0 0 2 0 56 0 2 0 0 0 240 4 0 0 255 255 255 255 7 0 6 0 0 0 0 0 data 158 0x60007 0x98 0x38 0x3d6 0xa0003 0x3d6 0x18 0x190007 0x3d6 0x98 0x98 0x1f0007 0x98 0x20 0x0 0x320007 0x0 0x90 0x98 0x380007 0xd 0x70 0x8b 0x400003 0x8b 0x50 0x440007 0x225 0x38 0x1b1 0x4a0003 0x1b1 0x18 0x570007 0x2b0 0x78 0x1be 0x680007 0x0 0x58 0x1be 0x700007 0x0 0x38 0x1be 0x760003 0x1be 0x18 0x880004 0x0 0x18c4c0a0 0xa8 0x0 0x0 0x940007 0x3d6 0x340 0x98 0x9d0007 0x98 0x320 0x1a3b 0xa70007 0xc94 0x2e8 0xda7 0xae0104 0x0 0x0 0x0 0x0 0x0 0xb40007 0x4ae 0x68 0x8f9 0xc50004 0x0 0x19b63840 0x8e5 0x18c51fe0 0x14 0xc60003 0x8f9 0x248 0xcb0004 0xfffffffffffffb59 0x19b63840 0xab 0x18c4d150 0x7 0xce0007 0x4a7 0x98 0x7 0xd30004 0x0 0x18c4d150 0x7 0x0 0x0 0xdc0005 0x0 0x18c4d150 0x7 0x0 0x0 0xdf0003 0x7 0x180 0xfc0007 0x52a 0x70 0x5d7 0x1010007 0x21b 0x38 0x3bc 0x1080003 0x3bc 0x18 0x1160003 0x5d7 0x50 0x11b0007 0x1b9 0x38 0x371 0x1220003 0x371 0x18 0x1350007 0x65a 0xffffffffffffff58 0x4a7 0x13a0007 0xeb 0x50 0x3bc 0x1490004 0x0 0x19b63840 0x3b5 0x18c51fe0 0x7 0x14c0007 0x136 0x50 0x371 0x15d0004 0x0 0x19b63840 0x36a 0x18c51fe0 0x7 0x1610003 0x1a3b 0xfffffffffffffcf8 oops 11 50 [Ljava/util/HashMap$Node; 78 java/util/HashMap$Node 80 java/util/LinkedHashMap$Entry 87 java/util/HashMap$Node 89 java/util/HashMap$TreeNode 97 java/util/HashMap$TreeNode 103 java/util/HashMap$TreeNode 141 java/util/HashMap$Node 143 java/util/LinkedHashMap$Entry 151 java/util/HashMap$Node 153 java/util/LinkedHashMap$Entry
ciMethodData java/util/HashMap treeifyBin ([Ljava/util/HashMap$Node;I)V 1 40 orig 264 88 131 12 82 0 0 0 0 120 152 213 22 0 0 0 0 8 3 0 0 136 0 0 0 0 0 0 0 0 0 0 0 0 0 0 0 0 0 0 0 0 0 0 0 0 0 0 0 0 0 0 0 0 0 0 0 0 0 0 0 0 0 0 0 0 0 0 0 0 0 0 0 0 0 0 0 0 0 0 0 77 68 79 32 101 120 116 114 97 32 100 97 116 97 32 108 111 99 107 0 0 0 0 0 0 0 0 0 0 0 0 0 0 0 0 0 0 0 0 0 0 0 0 0 0 0 0 0 0 0 0 0 0 0 0 0 0 0 0 0 0 0 0 0 0 0 0 0 0 0 0 0 0 0 0 0 0 0 0 0 0 0 0 0 0 0 0 0 0 0 0 0 0 0 0 0 0 0 0 0 0 0 0 0 17 0 0 0 0 0 0 0 0 0 0 0 0 0 0 0 0 0 0 0 0 0 0 0 0 0 0 0 0 0 0 0 0 0 0 0 49 0 0 0 65 1 0 0 0 0 0 0 0 0 0 0 2 0 0 0 0 0 0 0 0 0 0 0 176 1 0 0 255 255 255 255 7 0 1 0 0 0 0 0 data 54 0x10007 0x0 0x40 0x6 0xa0007 0x5 0x68 0x1 0xe0005 0x1 0x0 0x0 0x0 0x0 0x120003 0x1 0x140 0x220007 0x0 0x128 0x5 0x2f0005 0x0 0x19d28cc0 0x2e 0x0 0x0 0x360007 0x29 0x38 0x5 0x3d0003 0x5 0x18 0x5a0007 0x29 0xffffffffffffff98 0x5 0x630004 0x0 0x18c4d150 0x5 0x0 0x0 0x640007 0x0 0x50 0x5 0x6a0005 0x5 0x0 0x0 0x0 0x0 oops 2 23 java/util/HashMap 40 java/util/HashMap$TreeNode
ciMethodData java/util/HashMap put (Ljava/lang/Object;Ljava/lang/Object;)Ljava/lang/Object; 2 9209 orig 264 88 131 12 82 0 0 0 0 88 147 213 22 0 0 0 0 152 1 0 0 0 0 0 0 0 0 0 0 0 0 0 0 0 0 0 0 0 0 0 0 0 0 0 0 0 0 0 0 0 0 0 0 0 0 0 0 0 0 0 0 0 0 0 0 0 0 0 0 0 0 0 0 0 0 0 0 0 0 0 0 77 68 79 32 101 120 116 114 97 32 100 97 116 97 32 108 111 99 107 0 0 0 0 0 0 0 0 0 0 0 0 0 0 0 0 0 0 0 0 0 0 0 0 0 0 0 0 0 0 0 0 0 0 0 0 0 0 0 0 0 0 0 0 0 1 0 0 0 0 0 0 0 0 0 0 0 0 0 0 0 0 0 0 0 0 0 0 0 0 0 0 0 0 0 0 0 0 0 0 0 0 0 0 0 0 0 0 0 0 0 0 0 0 0 0 0 0 0 0 0 0 0 0 0 0 0 0 0 0 0 0 0 0 0 0 0 0 1 0 0 201 23 1 0 1 0 0 0 191 20 0 0 0 0 0 0 2 0 0 0 0 0 7 0 2 0 0 0 64 0 0 0 255 255 255 255 2 0 2 0 0 0 0 0 data 8 0x20002 0x22f9 0x90005 0x19d 0x19d28cc0 0x2157 0x1996e210 0x5 oops 2 4 java/util/HashMap 6 java/io/ExpiringCache$1
ciMethod java/beans/PropertyChangeSupport firePropertyChange (Ljava/lang/String;Ljava/lang/Object;Ljava/lang/Object;)V 905 1 2653 0 -1
ciMethod java/beans/PropertyChangeSupport firePropertyChange (Ljava/beans/PropertyChangeEvent;)V 2129 1 2540 0 -1
ciMethodData java/util/HashMap getNode (ILjava/lang/Object;)Ljava/util/HashMap$Node; 2 5430 orig 264 88 131 12 82 0 0 0 0 24 146 213 22 0 0 0 0 8 4 0 0 176 1 0 0 0 0 0 0 0 0 0 0 0 0 0 0 0 0 0 0 0 0 0 0 0 0 0 0 0 0 0 0 0 0 0 0 0 0 0 0 0 0 0 0 0 0 0 0 0 0 0 0 0 0 0 0 0 0 0 0 77 68 79 32 101 120 116 114 97 32 100 97 116 97 32 108 111 99 107 0 0 0 0 0 0 0 0 0 0 0 0 0 0 0 0 0 0 0 0 0 0 0 0 0 0 0 0 0 0 0 0 0 0 0 0 0 0 0 0 0 0 0 0 0 0 0 0 0 0 0 0 0 0 0 0 0 0 0 0 0 0 0 0 0 0 0 0 0 0 0 0 0 0 0 0 0 0 0 0 0 0 0 0 0 0 0 0 0 0 0 0 0 0 0 0 0 0 0 0 0 0 0 0 0 0 0 0 0 0 0 0 0 0 0 0 0 0 1 0 0 177 161 0 0 241 46 0 0 0 0 0 0 0 0 0 0 2 0 0 0 1 0 37 0 2 0 0 0 176 2 0 0 255 255 255 255 7 0 6 0 0 0 0 0 data 86 0x60007 0x27 0x2b0 0x140f 0xe0007 0x0 0x290 0x140f 0x1c0007 0x355 0x270 0x10ba 0x250007 0x5cd 0xb0 0xaed 0x310007 0x468 0x90 0x685 0x350007 0x0 0x70 0x685 0x3b0005 0x2d 0x17547390 0x2d7 0x18c52090 0x381 0x3e0007 0x14c 0x20 0x539 0x4c0007 0x153 0x1a0 0x5c6 0x510004 0xfffffffffffffa72 0x19b63840 0x1 0x18c4d150 0x38 0x540007 0x58e 0x80 0x38 0x590004 0x0 0x18c4d150 0x38 0x0 0x0 0x5e0005 0x0 0x18c4d150 0x38 0x0 0x0 0x680007 0x42f 0xb0 0x6bf 0x740007 0x6f 0x90 0x650 0x780007 0x0 0x70 0x650 0x7e0005 0x1b 0x17547390 0x118 0x18c52090 0x51d 0x810007 0x1b0 0x20 0x4a0 0x8f0007 0x560 0xffffffffffffff50 0x7f oops 8 26 java/lang/String 28 javax/swing/plaf/nimbus/DerivedColor$UIResource 40 java/util/HashMap$Node 42 java/util/HashMap$TreeNode 50 java/util/HashMap$TreeNode 56 java/util/HashMap$TreeNode 74 java/lang/String 76 javax/swing/plaf/nimbus/DerivedColor$UIResource
ciMethodData java/util/HashMap$Node <init> (ILjava/lang/Object;Ljava/lang/Object;Ljava/util/HashMap$Node;)V 2 5605 orig 264 88 131 12 82 0 0 0 0 104 215 213 22 0 0 0 0 80 1 0 0 0 0 0 0 0 0 0 0 0 0 0 0 0 0 0 0 0 0 0 0 0 0 0 0 0 0 0 0 0 0 0 0 0 0 0 0 0 0 0 0 0 0 0 0 0 0 0 0 0 0 0 0 0 0 0 0 0 0 0 0 77 68 79 32 101 120 116 114 97 32 100 97 116 97 32 108 111 99 107 0 0 0 0 0 0 0 0 0 0 0 0 0 0 0 0 0 0 0 0 0 0 0 0 0 0 0 0 0 0 0 0 0 0 0 0 0 0 0 0 0 0 0 0 0 0 0 0 0 0 0 0 0 0 0 0 0 0 0 0 0 0 0 0 0 0 0 0 0 0 0 0 0 0 0 0 0 0 0 0 0 0 0 0 0 0 0 0 0 0 0 0 0 0 0 0 0 0 0 0 0 0 0 0 0 0 0 0 0 0 0 0 0 0 0 0 0 17 1 0 0 161 166 0 0 1 0 0 0 0 0 0 0 0 0 0 0 2 0 0 0 0 0 3 0 2 0 0 0 16 0 0 0 255 255 255 255 2 0 1 0 0 0 0 0 data 2 0x10002 0x14d4 oops 0
ciMethodData java/util/HashMap newNode (ILjava/lang/Object;Ljava/lang/Object;Ljava/util/HashMap$Node;)Ljava/util/HashMap$Node; 2 5392 orig 264 88 131 12 82 0 0 0 0 208 176 213 22 0 0 0 0 80 1 0 0 0 0 0 0 0 0 0 0 0 0 0 0 0 0 0 0 0 0 0 0 0 0 0 0 0 0 0 0 0 0 0 0 0 0 0 0 0 0 0 0 0 0 0 0 0 0 0 0 0 0 0 0 0 0 0 0 0 0 0 0 77 68 79 32 101 120 116 114 97 32 100 97 116 97 32 108 111 99 107 0 0 0 0 0 0 0 0 0 0 0 0 0 0 0 0 0 0 0 0 0 0 0 0 0 0 0 0 0 0 0 0 0 0 0 0 0 0 0 0 0 0 0 0 0 0 0 0 0 0 0 0 0 0 0 0 0 0 0 0 0 0 0 0 0 0 0 0 0 0 0 0 0 0 0 0 0 0 0 0 0 0 0 0 0 0 0 0 0 0 0 0 0 0 0 0 0 0 0 0 0 0 0 0 0 0 0 0 0 0 0 0 0 0 0 0 0 14 1 0 0 9 160 0 0 1 0 0 0 0 0 0 0 0 0 0 0 2 0 0 0 0 0 3 0 2 0 0 0 16 0 0 0 255 255 255 255 2 0 9 0 0 0 0 0 data 2 0x90002 0x1401 oops 0
ciMethodData java/util/HashMap afterNodeInsertion (Z)V 2 1445 orig 264 88 131 12 82 0 0 0 0 152 180 213 22 0 0 0 0 40 1 0 0 0 0 0 0 0 0 0 0 0 0 0 0 0 0 0 0 0 0 0 0 0 0 0 0 0 0 0 0 0 0 0 0 0 0 0 0 0 0 0 0 0 0 0 0 0 0 0 0 0 0 0 0 0 0 0 0 0 0 0 0 77 68 79 32 101 120 116 114 97 32 100 97 116 97 32 108 111 99 107 0 0 0 0 0 0 0 0 0 0 0 0 0 0 0 0 0 0 0 0 0 0 0 0 0 0 0 0 0 0 0 0 0 0 0 0 0 0 0 0 0 0 0 0 0 0 0 0 0 0 0 0 0 0 0 0 0 0 0 0 0 0 0 0 0 0 0 0 0 0 0 0 0 0 0 0 0 0 0 0 0 0 0 0 0 0 0 0 0 0 0 0 0 0 0 0 0 0 0 0 0 0 0 0 0 0 0 0 0 0 0 0 0 0 0 0 0 27 1 0 0 81 36 0 0 1 0 0 0 0 0 0 0 0 0 0 0 2 0 0 0 0 0 3 0 1 0 0 0 0 0 0 0 255 255 255 255 0 0 0 0 0 0 0 0 data 0 oops 0
ciMethod java/util/HashMap$KeySet <init> (Ljava/util/HashMap;)V 1681 1 205 0 -1
ciMethod java/util/HashMap$KeySet iterator ()Ljava/util/Iterator; 1689 1 206 0 0
ciMethod java/util/HashMap$KeyIterator <init> (Ljava/util/HashMap;)V 1689 1 206 0 -1
ciMethod java/util/HashMap$KeyIterator next ()Ljava/lang/Object; 3289 1 2065 0 0
ciMethod java/beans/PropertyChangeEvent <init> (Ljava/lang/Object;Ljava/lang/String;Ljava/lang/Object;Ljava/lang/Object;)V 897 1 2658 0 -1
ciMethodData java/util/HashMap$HashIterator hasNext ()Z 2 7988 orig 264 88 131 12 82 0 0 0 0 192 242 243 22 0 0 0 0 88 1 0 0 0 0 0 0 0 0 0 0 0 0 0 0 0 0 0 0 0 0 0 0 0 0 0 0 0 0 0 0 0 0 0 0 0 0 0 0 0 0 0 0 0 0 0 0 0 0 0 0 0 0 0 0 0 0 0 0 0 0 0 0 77 68 79 32 101 120 116 114 97 32 100 97 116 97 32 108 111 99 107 0 0 0 0 0 0 0 0 0 0 0 0 0 0 0 0 0 0 0 0 0 0 0 0 0 0 0 0 0 0 0 0 0 0 0 0 0 0 0 0 0 0 0 0 0 0 0 0 0 0 0 0 0 0 0 0 0 0 0 0 0 0 0 0 0 0 0 0 0 0 0 0 0 0 0 0 0 0 0 0 0 0 0 0 0 0 0 0 0 0 0 0 0 0 0 0 0 0 0 0 0 0 0 0 0 0 0 0 0 0 0 0 0 0 0 0 0 97 1 0 0 153 238 0 0 1 0 0 0 0 0 0 0 0 0 0 0 2 0 0 0 0 0 6 0 2 0 0 0 56 0 0 0 255 255 255 255 7 0 4 0 0 0 0 0 data 7 0x40007 0xe3 0x38 0x1cf0 0x80003 0x1cf0 0x18 oops 0
ciMethod sun/awt/AppContext getAppContext ()Lsun/awt/AppContext; 2065 1 5436 0 128
ciMethod sun/awt/AppContext get (Ljava/lang/Object;)Ljava/lang/Object; 3089 1 5590 0 2272
ciMethod sun/awt/AppContext$3 <init> ()V 17 1 2 0 -1
ciMethod sun/awt/MostRecentKeyValue <init> (Ljava/lang/Object;Ljava/lang/Object;)V 17 1 2 0 -1
ciMethod sun/awt/MostRecentKeyValue setPair (Ljava/lang/Object;Ljava/lang/Object;)V 793 1 1109 0 -1
ciMethodData java/util/HashMap$HashIterator nextNode ()Ljava/util/HashMap$Node; 2 21761 orig 264 88 131 12 82 0 0 0 0 192 243 243 22 0 0 0 0 8 2 0 0 128 0 0 0 0 0 0 0 0 0 0 0 0 0 0 0 0 0 0 0 0 0 0 0 0 0 0 0 0 0 0 0 0 0 0 0 0 0 0 0 0 0 0 0 0 0 0 0 0 0 0 0 0 0 0 0 0 0 0 0 77 68 79 32 101 120 116 114 97 32 100 97 116 97 32 108 111 99 107 0 0 0 0 0 0 0 0 0 0 0 0 0 0 0 0 0 0 0 0 0 0 0 0 0 0 0 0 0 0 0 0 0 0 0 0 0 0 0 0 0 0 0 0 0 0 0 0 0 0 0 0 0 0 0 0 0 0 0 0 0 0 0 0 0 0 0 0 0 0 0 0 0 0 0 0 0 0 0 0 0 0 0 0 0 0 0 0 0 0 0 0 0 0 0 0 0 0 0 0 0 0 0 0 0 0 0 0 0 0 0 0 0 0 0 0 0 106 4 0 0 137 93 0 0 185 132 2 0 0 0 0 0 0 0 0 0 2 0 0 0 1 0 17 0 2 0 0 0 224 0 0 0 255 255 255 255 7 0 16 0 0 0 0 0 data 28 0x100007 0xbb1 0x30 0x0 0x170002 0x0 0x1c0007 0xbb1 0x30 0x0 0x230002 0x0 0x350007 0x182 0x80 0xa2f 0x410007 0x0 0x60 0xa2f 0x4a0007 0x4ad 0x40 0x50b4 0x5f0007 0x4b32 0xffffffffffffffe0 0x582 oops 0
ciMethodData java/util/AbstractCollection <init> ()V 2 17062 orig 264 88 131 12 82 0 0 0 0 176 118 211 22 0 0 0 0 48 1 0 0 0 0 0 0 0 0 0 0 0 0 0 0 0 0 0 0 0 0 0 0 0 0 0 0 0 0 0 0 0 0 0 0 0 0 0 0 0 0 0 0 0 0 0 0 0 0 0 0 0 0 0 0 0 0 0 0 0 0 0 0 77 68 79 32 101 120 116 114 97 32 100 97 116 97 32 108 111 99 107 0 0 0 0 0 0 0 0 0 0 0 0 0 0 0 0 0 0 0 0 0 0 0 0 0 0 0 0 0 0 0 0 0 0 0 0 0 0 0 0 0 0 0 0 0 0 0 0 0 0 0 0 0 0 0 0 0 0 0 0 0 0 0 0 0 0 0 0 0 0 0 0 0 0 0 0 0 0 0 0 0 0 0 0 0 0 0 0 0 0 0 0 0 0 0 0 0 0 0 0 0 0 0 0 0 0 0 0 0 0 0 0 0 0 0 0 0 199 1 0 0 249 6 2 0 1 0 0 0 0 0 0 0 0 0 0 0 2 0 0 0 0 0 3 0 2 0 0 0 16 0 0 0 255 255 255 255 2 0 1 0 0 0 0 0 data 2 0x10002 0x40df oops 0
ciMethodData java/util/HashMap get (Ljava/lang/Object;)Ljava/lang/Object; 2 6802 orig 264 88 131 12 82 0 0 0 0 232 144 213 22 0 0 0 0 200 1 0 0 0 0 0 0 0 0 0 0 0 0 0 0 0 0 0 0 0 0 0 0 0 0 0 0 0 0 0 0 0 0 0 0 0 0 0 0 0 0 0 0 0 0 0 0 0 0 0 0 0 0 0 0 0 0 0 0 0 0 0 0 77 68 79 32 101 120 116 114 97 32 100 97 116 97 32 108 111 99 107 0 0 0 0 0 0 0 0 0 0 0 0 0 0 0 0 0 0 0 0 0 0 0 0 0 0 0 0 0 0 0 0 0 0 0 0 0 0 0 0 0 0 0 0 0 0 0 0 0 0 0 0 0 0 0 0 0 0 0 0 0 0 0 0 0 0 0 0 0 0 0 0 0 0 0 0 0 0 0 0 0 0 0 0 0 0 0 0 0 0 0 0 0 0 0 0 0 0 0 0 0 0 0 0 0 0 0 0 0 0 0 0 0 0 0 0 0 128 1 0 0 145 200 0 0 1 0 0 0 0 0 0 0 0 0 0 0 2 0 0 0 0 0 10 0 2 0 0 0 120 0 0 0 255 255 255 255 2 0 2 0 0 0 0 0 data 15 0x20002 0x1912 0x60005 0x0 0x19d28cc0 0x1328 0x18c51f30 0x5ea 0xb0007 0x10ee 0x38 0x824 0xf0003 0x824 0x18 oops 2 4 java/util/HashMap 6 javax/swing/UIDefaults$TextAndMnemonicHashMap
ciMethod javax/swing/SwingUtilities appContextGet (Ljava/lang/Object;)Ljava/lang/Object; 2193 1 6058 0 0
ciMethod javax/swing/SwingUtilities appContextPut (Ljava/lang/Object;Ljava/lang/Object;)V 17 1 8 0 -1
ciMethod javax/swing/UIManager$LAFState <init> (Ljavax/swing/UIManager$1;)V 9 1 1 0 -1
ciMethod javax/swing/UIDefaults <init> (IF)V 1057 1 132 0 0
ciMethod javax/swing/UIDefaults put (Ljava/lang/Object;Ljava/lang/Object;)Ljava/lang/Object; 2569 1 1255 0 0
ciMethod javax/swing/UIDefaults addPropertyChangeListener (Ljava/beans/PropertyChangeListener;)V 17 1 2 0 -1
ciMethod javax/swing/UIDefaults firePropertyChange (Ljava/lang/String;Ljava/lang/Object;Ljava/lang/Object;)V 2081 1 1259 0 -1
ciMethod javax/swing/UIDefaults$LazyValue createValue (Ljavax/swing/UIDefaults;)Ljava/lang/Object; 0 0 1 0 -1
ciMethodData java/util/Hashtable put (Ljava/lang/Object;Ljava/lang/Object;)Ljava/lang/Object; 2 4044 orig 264 88 131 12 82 0 0 0 0 72 141 202 22 0 0 0 0 112 2 0 0 48 0 0 0 0 0 0 0 0 0 0 0 0 0 0 0 0 0 0 0 0 0 0 0 0 0 0 0 0 0 0 0 0 0 0 0 0 0 0 0 0 0 0 0 0 0 0 0 0 0 0 0 0 0 0 0 0 0 0 0 77 68 79 32 101 120 116 114 97 32 100 97 116 97 32 108 111 99 107 0 0 0 0 0 0 0 0 0 0 0 0 0 0 0 0 0 0 0 0 0 0 0 0 0 0 0 0 0 0 0 0 0 0 0 0 0 0 0 0 0 0 0 0 0 0 0 0 0 0 0 0 0 0 0 0 0 0 0 0 0 0 0 0 0 0 0 0 0 0 0 0 0 0 0 0 0 0 0 0 0 0 0 0 0 0 0 0 0 0 0 0 0 0 0 0 0 0 0 0 0 0 0 0 0 0 0 0 0 0 0 0 0 0 0 0 0 0 2 0 0 97 110 0 0 233 54 0 0 0 0 0 0 0 0 0 0 2 0 0 0 1 0 13 0 2 0 0 0 24 1 0 0 255 255 255 255 7 0 1 0 0 0 0 0 data 35 0x10007 0xdcc 0x30 0x0 0x80002 0x0 0x120005 0x532 0x17547390 0x898 0x17651f60 0x2 0x290007 0xca2 0xa8 0x806 0x330007 0x6d9 0x70 0x12d 0x3c0005 0x21 0x17547390 0x109 0x19cda150 0x3 0x3f0007 0x3 0x20 0x12a 0x590003 0x6dc 0xffffffffffffff70 0x630002 0xca2 oops 4 8 java/lang/String 10 java/lang/StringBuffer 22 java/lang/String 24 java/awt/font/TextAttribute
ciMethodData java/util/Hashtable addEntry (ILjava/lang/Object;Ljava/lang/Object;I)V 2 3718 orig 264 88 131 12 82 0 0 0 0 64 140 202 22 0 0 0 0 40 2 0 0 80 0 0 0 0 0 0 0 0 0 0 0 0 0 0 0 0 0 0 0 0 0 0 0 0 0 0 0 0 0 0 0 0 0 0 0 0 0 0 0 0 0 0 0 0 0 0 0 0 0 0 0 0 0 0 0 0 0 0 0 77 68 79 32 101 120 116 114 97 32 100 97 116 97 32 108 111 99 107 0 0 0 0 0 0 0 0 0 0 0 0 0 0 0 0 0 0 0 0 0 0 0 0 0 0 0 0 0 0 0 0 0 0 0 0 0 0 0 0 0 0 0 0 0 0 0 0 0 0 0 0 0 0 0 0 0 0 0 0 0 0 0 0 0 0 0 0 0 0 0 0 0 0 0 0 0 0 0 0 0 0 0 0 0 0 0 0 0 0 0 0 0 0 0 0 0 0 0 0 0 0 0 0 0 0 0 0 0 0 0 0 0 0 0 0 0 0 2 0 0 49 100 0 0 1 0 0 0 0 0 0 0 0 0 0 0 2 0 0 0 0 0 6 0 2 0 0 0 192 0 0 0 255 255 255 255 7 0 24 0 0 0 0 0 data 24 0x180007 0xc0a 0x80 0x7c 0x1c0005 0x8 0x19d29410 0xe 0x175487f0 0x66 0x260005 0x20 0x17547390 0x3b 0x19cdb0e0 0x21 0x480002 0xc86 0x4b0004 0x0 0x18d426f0 0xc86 0x0 0x0 oops 5 6 javax/swing/UIDefaults 8 java/util/Hashtable 12 java/lang/String 14 javax/swing/KeyStroke 20 java/util/Hashtable$Entry
ciMethodData java/util/Hashtable$Entry <init> (ILjava/lang/Object;Ljava/lang/Object;Ljava/util/Hashtable$Entry;)V 2 3718 orig 264 88 131 12 82 0 0 0 0 48 33 214 22 0 0 0 0 80 1 0 0 0 0 0 0 0 0 0 0 0 0 0 0 0 0 0 0 0 0 0 0 0 0 0 0 0 0 0 0 0 0 0 0 0 0 0 0 0 0 0 0 0 0 0 0 0 0 0 0 0 0 0 0 0 0 0 0 0 0 0 0 77 68 79 32 101 120 116 114 97 32 100 97 116 97 32 108 111 99 107 0 0 0 0 0 0 0 0 0 0 0 0 0 0 0 0 0 0 0 0 0 0 0 0 0 0 0 0 0 0 0 0 0 0 0 0 0 0 0 0 0 0 0 0 0 0 0 0 0 0 0 0 0 0 0 0 0 0 0 0 0 0 0 0 0 0 0 0 0 0 0 0 0 0 0 0 0 0 0 0 0 0 0 0 0 0 0 0 0 0 0 0 0 0 0 0 0 0 0 0 0 0 0 0 0 0 0 0 0 0 0 0 0 0 0 0 0 0 2 0 0 49 100 0 0 1 0 0 0 0 0 0 0 0 0 0 0 2 0 0 0 0 0 3 0 2 0 0 0 16 0 0 0 255 255 255 255 2 0 1 0 0 0 0 0 data 2 0x10002 0xc86 oops 0
ciMethodData java/util/Hashtable rehash ()V 2 8088 orig 264 88 131 12 82 0 0 0 0 80 139 202 22 0 0 0 0 56 2 0 0 64 0 0 0 0 0 0 0 0 0 0 0 0 0 0 0 0 0 0 0 0 0 0 0 0 0 0 0 0 0 0 0 0 0 0 0 0 0 0 0 0 0 0 0 0 0 0 0 0 0 0 0 0 0 0 0 0 0 0 0 77 68 79 32 101 120 116 114 97 32 100 97 116 97 32 108 111 99 107 0 0 0 0 0 0 0 0 0 0 0 0 0 0 0 0 0 0 0 0 0 0 0 0 0 0 0 0 0 0 0 0 0 0 0 0 0 0 0 0 0 0 0 0 0 0 0 0 0 0 0 0 0 0 0 0 0 0 0 0 0 0 0 0 0 0 0 0 0 0 0 0 0 0 0 0 0 0 0 0 0 0 0 0 0 0 0 0 0 0 0 0 0 0 0 0 0 0 0 0 0 0 0 0 0 0 0 0 0 0 0 0 0 0 0 0 0 69 5 0 0 217 3 0 0 153 210 0 0 0 0 0 0 0 0 0 0 2 0 0 0 0 0 0 0 0 0 0 0 240 0 0 0 255 255 255 255 7 0 21 0 0 0 0 0 data 30 0x150007 0x7b 0x40 0x0 0x1b0007 0x0 0x20 0x0 0x3c0002 0x7b 0x510007 0x7b 0xa0 0xf2b 0x5c0007 0xf2b 0x68 0xb28 0x860004 0x0 0x18d426f0 0xb28 0x0 0x0 0x870003 0xb28 0xffffffffffffffb0 0x8a0003 0xf2b 0xffffffffffffff78 oops 1 20 java/util/Hashtable$Entry
ciMethodData sun/awt/AppContext getAppContext ()Lsun/awt/AppContext; 2 5436 orig 264 88 131 12 82 0 0 0 0 192 61 21 23 0 0 0 0 128 2 0 0 80 0 0 0 0 0 0 0 0 0 0 0 0 0 0 0 0 0 0 0 0 0 0 0 0 0 0 0 0 0 0 0 0 0 0 0 0 0 0 0 0 0 0 0 0 0 0 0 0 0 0 0 0 0 0 0 0 0 0 0 77 68 79 32 101 120 116 114 97 32 100 97 116 97 32 108 111 99 107 0 0 0 0 0 0 0 0 0 0 0 0 0 0 0 0 0 0 0 0 0 0 0 0 0 0 0 0 0 0 0 0 0 0 0 0 0 0 0 0 0 0 0 0 0 0 0 0 0 0 0 0 0 0 0 0 0 0 0 0 0 0 0 0 0 0 0 0 0 0 0 0 0 0 0 0 0 0 0 0 0 0 0 0 0 0 0 0 0 0 0 0 0 0 0 0 0 0 0 0 0 0 0 0 0 0 0 0 0 0 0 0 0 0 0 0 0 2 1 0 0 209 161 0 0 1 0 0 0 0 0 0 0 0 0 0 0 2 0 0 0 0 0 11 0 2 0 0 0 64 1 0 0 255 255 255 255 5 0 3 0 0 0 0 0 data 40 0x30005 0x1 0x1d7ee700 0x1439 0x0 0x0 0x70007 0x0 0x40 0x143a 0xd0007 0x0 0x20 0x143a 0x170005 0x0 0x0 0x0 0x0 0x0 0x1a0004 0x0 0x0 0x0 0x0 0x0 0x200007 0x0 0x70 0x0 0x270002 0x0 0x2a0002 0x0 0x2d0004 0x0 0x0 0x0 0x0 0x0 oops 1 2 java/util/concurrent/atomic/AtomicInteger
ciMethodData java/util/HashMap$TreeNode find (ILjava/lang/Object;Ljava/lang/Class;)Ljava/util/HashMap$TreeNode; 1 1484 orig 264 88 131 12 82 0 0 0 0 16 229 226 22 0 0 0 0 16 4 0 0 112 2 0 0 0 0 0 0 0 0 0 0 0 0 0 0 0 0 0 0 0 0 0 0 0 0 0 0 0 0 0 0 0 0 0 0 0 0 0 0 0 0 0 0 0 0 0 0 0 0 0 0 0 0 0 0 0 0 0 0 77 68 79 32 101 120 116 114 97 32 100 97 116 97 32 108 111 99 107 0 0 0 0 0 0 0 0 0 0 0 0 0 0 0 0 0 0 0 0 0 0 0 0 0 0 0 0 0 0 0 0 0 0 0 0 0 0 0 0 0 0 0 0 0 0 0 0 0 0 0 0 0 0 0 0 0 0 0 0 0 0 0 0 0 0 0 0 0 0 0 0 0 0 0 0 0 0 0 0 0 0 0 0 0 0 0 0 0 0 0 0 0 0 0 0 0 0 0 0 0 0 0 0 0 0 0 0 0 0 0 0 0 0 0 0 0 2 1 0 0 137 26 0 0 193 38 0 0 0 0 0 0 0 0 0 0 2 0 0 0 1 0 43 0 2 0 0 0 176 2 0 0 255 255 255 255 7 0 26 0 0 0 0 0 data 86 0x1a0007 0x5c5 0x38 0x111 0x210003 0x111 0x270 0x270007 0x4aa 0x38 0x11b 0x2e0003 0x11b 0x238 0x3a0007 0x0 0x90 0x4aa 0x3e0007 0x0 0x70 0x4aa 0x440005 0x0 0x18c52090 0x4aa 0x0 0x0 0x470007 0x350 0x20 0x15a 0x4f0007 0x1f2 0x38 0x15e 0x560003 0x15e 0x170 0x5b0007 0x1f0 0x38 0x2 0x620003 0x2 0x138 0x660007 0x0 0x50 0x1f0 0x6a0002 0x1f0 0x6f0007 0x1f0 0xa0 0x0 0x760002 0x0 0x7c0007 0x0 0x70 0x0 0x810007 0x0 0x38 0x0 0x860003 0x0 0x18 0x8d0003 0x0 0x68 0x950005 0x0 0x18c4d150 0x1f0 0x0 0x0 0x9b0007 0x14c 0x20 0xa4 0xa70007 0x385 0xfffffffffffffd70 0x153 oops 2 24 javax/swing/plaf/nimbus/DerivedColor$UIResource 74 java/util/HashMap$TreeNode
ciMethod javax/swing/plaf/nimbus/NimbusLookAndFeel parsePrefix (Ljava/lang/String;)Ljava/lang/String; 1929 30937 1055 0 -1
ciMethod javax/swing/plaf/nimbus/NimbusLookAndFeel getDefaultsForPrefix (Ljava/lang/String;)Ljava/util/Map; 97 8457 28 0 0
ciMethod javax/swing/plaf/nimbus/NimbusLookAndFeel addDefault (Ljava/lang/String;Ljava/lang/Object;)V 4097 1 1055 0 -1
ciMethodData java/util/HashMap afterNodeAccess (Ljava/util/HashMap$Node;)V 2 1222 orig 264 88 131 12 82 0 0 0 0 8 180 213 22 0 0 0 0 40 1 0 0 0 0 0 0 0 0 0 0 0 0 0 0 0 0 0 0 0 0 0 0 0 0 0 0 0 0 0 0 0 0 0 0 0 0 0 0 0 0 0 0 0 0 0 0 0 0 0 0 0 0 0 0 0 0 0 0 0 0 0 0 77 68 79 32 101 120 116 114 97 32 100 97 116 97 32 108 111 99 107 0 0 0 0 0 0 0 0 0 0 0 0 0 0 0 0 0 0 0 0 0 0 0 0 0 0 0 0 0 0 0 0 0 0 0 0 0 0 0 0 0 0 0 0 0 0 0 0 0 0 0 0 0 0 0 0 0 0 0 0 0 0 0 0 0 0 0 0 0 0 0 0 0 0 0 0 0 0 0 0 0 0 0 0 0 0 0 0 0 0 0 0 0 0 0 0 0 0 0 0 0 0 0 0 0 0 0 0 0 0 0 0 0 0 0 0 0 153 1 0 0 105 25 0 0 1 0 0 0 0 0 0 0 0 0 0 0 2 0 0 0 0 0 3 0 1 0 0 0 0 0 0 0 255 255 255 255 0 0 0 0 0 0 0 0 data 0 oops 0
ciMethodData java/util/HashMap containsKey (Ljava/lang/Object;)Z 2 4576 orig 264 88 131 12 82 0 0 0 0 184 146 213 22 0 0 0 0 200 1 0 0 0 0 0 0 0 0 0 0 0 0 0 0 0 0 0 0 0 0 0 0 0 0 0 0 0 0 0 0 0 0 0 0 0 0 0 0 0 0 0 0 0 0 0 0 0 0 0 0 0 0 0 0 0 0 0 0 0 0 0 0 77 68 79 32 101 120 116 114 97 32 100 97 116 97 32 108 111 99 107 0 0 0 0 0 0 0 0 0 0 0 0 0 0 0 0 0 0 0 0 0 0 0 0 0 0 0 0 0 0 0 0 0 0 0 0 0 0 0 0 0 0 0 0 0 0 0 0 0 0 0 0 0 0 0 0 0 0 0 0 0 0 0 0 0 0 0 0 0 0 0 0 0 0 0 0 0 0 0 0 0 0 0 0 0 0 0 0 0 0 0 0 0 0 0 0 0 0 0 0 0 0 0 0 0 0 0 0 0 0 0 0 0 0 0 0 0 114 1 0 0 113 131 0 0 1 0 0 0 0 0 0 0 0 0 0 0 2 0 0 0 0 0 10 0 2 0 0 0 120 0 0 0 255 255 255 255 2 0 2 0 0 0 0 0 data 15 0x20002 0x106e 0x60005 0x0 0x19d28cc0 0x106e 0x0 0x0 0x90007 0x135 0x38 0xf39 0xd0003 0xf39 0x18 oops 1 4 java/util/HashMap
ciMethodData java/util/AbstractList <init> ()V 2 16501 orig 264 88 131 12 82 0 0 0 0 72 99 211 22 0 0 0 0 48 1 0 0 0 0 0 0 0 0 0 0 0 0 0 0 0 0 0 0 0 0 0 0 0 0 0 0 0 0 0 0 0 0 0 0 0 0 0 0 0 0 0 0 0 0 0 0 0 0 0 0 0 0 0 0 0 0 0 0 0 0 0 0 77 68 79 32 101 120 116 114 97 32 100 97 116 97 32 108 111 99 107 0 0 0 0 0 0 0 0 0 0 0 0 0 0 0 0 0 0 0 0 0 0 0 0 0 0 0 0 0 0 0 0 0 0 0 0 0 0 0 0 0 0 0 0 0 0 0 0 0 0 0 0 0 0 0 0 0 0 0 0 0 0 0 0 0 0 0 0 0 0 0 0 0 0 0 0 0 0 0 0 0 0 0 0 0 0 0 0 0 0 0 0 0 0 0 0 0 0 0 0 0 0 0 0 0 0 0 0 0 0 0 0 0 0 0 0 0 2 1 0 0 153 251 1 0 1 0 0 0 0 0 0 0 0 0 0 0 2 0 0 0 0 0 3 0 2 0 0 0 16 0 0 0 255 255 255 255 2 0 1 0 0 0 0 0 data 2 0x10002 0x3f73 oops 0
ciMethod javax/swing/ArrayTable get (Ljava/lang/Object;)Ljava/lang/Object; 785 713 1845 0 -1
ciMethod javax/swing/ArrayTable isArray ()Z 2073 1 2474 0 -1
ciMethodData java/util/HashMap$KeyIterator next ()Ljava/lang/Object; 2 2065 orig 264 88 131 12 82 0 0 0 0 80 228 20 23 0 0 0 0 120 1 0 0 0 0 0 0 0 0 0 0 0 0 0 0 0 0 0 0 0 0 0 0 0 0 0 0 0 0 0 0 0 0 0 0 0 0 0 0 0 0 0 0 0 0 0 0 0 0 0 0 0 0 0 0 0 0 0 0 0 0 0 0 77 68 79 32 101 120 116 114 97 32 100 97 116 97 32 108 111 99 107 0 0 0 0 0 0 0 0 0 0 0 0 0 0 0 0 0 0 0 0 0 0 0 0 0 0 0 0 0 0 0 0 0 0 0 0 0 0 0 0 0 0 0 0 0 0 0 0 0 0 0 0 0 0 0 0 0 0 0 0 0 0 0 0 0 0 0 0 0 0 0 0 0 0 0 0 0 0 0 0 0 0 0 0 0 0 0 0 0 0 0 0 0 0 0 0 0 0 0 0 0 0 0 0 0 0 0 0 0 0 0 0 0 0 0 0 0 155 1 0 0 177 51 0 0 1 0 0 0 0 0 0 0 0 0 0 0 2 0 0 0 0 0 3 0 2 0 0 0 48 0 0 0 255 255 255 255 5 0 1 0 0 0 0 0 data 6 0x10005 0x0 0x19d292b0 0x676 0x0 0x0 oops 1 2 java/util/HashMap$KeyIterator
ciMethod javax/swing/plaf/nimbus/DerivedColor equals (Ljava/lang/Object;)Z 2113 1 5398 0 -1
ciMethod javax/swing/plaf/nimbus/DerivedColor$UIResource equals (Ljava/lang/Object;)Z 2113 1 5430 0 864
ciMethodData java/util/AbstractSet <init> ()V 1 467 orig 264 88 131 12 82 0 0 0 0 168 169 212 22 0 0 0 0 48 1 0 0 0 0 0 0 0 0 0 0 0 0 0 0 0 0 0 0 0 0 0 0 0 0 0 0 0 0 0 0 0 0 0 0 0 0 0 0 0 0 0 0 0 0 0 0 0 0 0 0 0 0 0 0 0 0 0 0 0 0 0 0 77 68 79 32 101 120 116 114 97 32 100 97 116 97 32 108 111 99 107 0 0 0 0 0 0 0 0 0 0 0 0 0 0 0 0 0 0 0 0 0 0 0 0 0 0 0 0 0 0 0 0 0 0 0 0 0 0 0 0 0 0 0 0 0 0 0 0 0 0 0 0 0 0 0 0 0 0 0 0 0 0 0 0 0 0 0 0 0 0 0 0 0 0 0 0 0 0 0 0 0 0 0 0 0 0 0 0 0 0 0 0 0 0 0 0 0 0 0 0 0 0 0 0 0 0 0 0 0 0 0 0 0 0 0 0 0 1 1 0 0 145 6 0 0 1 0 0 0 0 0 0 0 0 0 0 0 2 0 0 0 0 0 3 0 2 0 0 0 16 0 0 0 255 255 255 255 2 0 1 0 0 0 0 0 data 2 0x10002 0xd2 oops 0
ciMethod javax/swing/plaf/nimbus/State getName ()Ljava/lang/String; 57 1 7 0 0
ciMethod javax/swing/plaf/nimbus/State isStandardStateName (Ljava/lang/String;)Z 0 0 19 0 0
ciMethod javax/swing/plaf/nimbus/State getStandardState (Ljava/lang/String;)Ljavax/swing/plaf/nimbus/State$StandardState; 0 0 16 0 0
ciMethodData javax/swing/UIDefaults firePropertyChange (Ljava/lang/String;Ljava/lang/Object;Ljava/lang/Object;)V 1 1259 orig 264 88 131 12 82 0 0 0 0 192 147 23 23 0 0 0 0 176 1 0 0 0 0 0 0 0 0 0 0 0 0 0 0 0 0 0 0 0 0 0 0 0 0 0 0 0 0 0 0 0 0 0 0 0 0 0 0 0 0 0 0 0 0 0 0 0 0 0 0 0 0 0 0 0 0 0 0 0 0 0 0 77 68 79 32 101 120 116 114 97 32 100 97 116 97 32 108 111 99 107 0 0 0 0 0 0 0 0 0 0 0 0 0 0 0 0 0 0 0 0 0 0 0 0 0 0 0 0 0 0 0 0 0 0 0 0 0 0 0 0 0 0 0 0 0 0 0 0 0 0 0 0 0 0 0 0 0 0 0 0 0 0 0 0 0 0 0 0 0 0 0 0 0 0 0 0 0 0 0 0 0 0 0 0 0 0 0 0 0 0 0 0 0 0 0 0 0 0 0 0 0 0 0 0 0 0 0 0 0 0 0 0 0 0 0 0 0 4 1 0 0 57 31 0 0 1 0 0 0 0 0 0 0 0 0 0 0 2 0 0 0 0 0 18 0 2 0 0 0 80 0 0 0 255 255 255 255 7 0 4 0 0 0 0 0 data 10 0x40007 0x3e6 0x50 0x1 0xe0005 0x0 0x19cde540 0x1 0x0 0x0 oops 1 6 javax/swing/event/SwingPropertyChangeSupport
ciMethodData java/beans/PropertyChangeSupport firePropertyChange (Ljava/lang/String;Ljava/lang/Object;Ljava/lang/Object;)V 2 2653 orig 264 88 131 12 82 0 0 0 0 120 217 17 23 0 0 0 0 48 2 0 0 112 0 0 0 0 0 0 0 0 0 0 0 0 0 0 0 0 0 0 0 0 0 0 0 0 0 0 0 0 0 0 0 0 0 0 0 0 0 0 0 0 0 0 0 0 0 0 0 0 0 0 0 0 0 0 0 0 0 0 0 77 68 79 32 101 120 116 114 97 32 100 97 116 97 32 108 111 99 107 0 0 0 0 0 0 0 0 0 0 0 0 0 0 0 0 0 0 0 0 0 0 0 0 0 0 0 0 0 0 0 0 0 0 0 0 0 0 0 0 0 0 0 0 0 0 0 0 0 0 0 0 0 0 0 0 0 0 0 0 0 0 0 0 0 0 0 0 0 0 0 0 0 0 0 0 0 0 0 0 0 0 0 0 0 0 0 0 0 0 0 0 0 0 0 0 0 0 0 0 0 0 0 0 0 0 0 0 0 0 0 0 0 0 0 0 0 113 0 0 0 97 79 0 0 1 0 0 0 0 0 0 0 0 0 0 0 2 0 0 0 0 0 15 0 2 0 0 0 208 0 0 0 255 255 255 255 7 0 1 0 0 0 0 0 data 26 0x10007 0x432 0x90 0x5ba 0x50007 0x156 0x70 0x464 0xa0005 0x349 0x19cdef50 0x1 0x176528a0 0x11a 0xd0007 0x0 0x60 0x464 0x1c0002 0x9ec 0x1f0005 0x0 0x19cde540 0x2 0x19cdea80 0x9ea oops 4 10 javax/swing/plaf/metal/MetalLookAndFeel 12 java/lang/Boolean 22 javax/swing/event/SwingPropertyChangeSupport 24 java/beans/PropertyChangeSupport
ciMethodData java/beans/PropertyChangeEvent <init> (Ljava/lang/Object;Ljava/lang/String;Ljava/lang/Object;Ljava/lang/Object;)V 2 2658 orig 264 88 131 12 82 0 0 0 0 160 24 21 23 0 0 0 0 80 1 0 0 0 0 0 0 0 0 0 0 0 0 0 0 0 0 0 0 0 0 0 0 0 0 0 0 0 0 0 0 0 0 0 0 0 0 0 0 0 0 0 0 0 0 0 0 0 0 0 0 0 0 0 0 0 0 0 0 0 0 0 0 77 68 79 32 101 120 116 114 97 32 100 97 116 97 32 108 111 99 107 0 0 0 0 0 0 0 0 0 0 0 0 0 0 0 0 0 0 0 0 0 0 0 0 0 0 0 0 0 0 0 0 0 0 0 0 0 0 0 0 0 0 0 0 0 0 0 0 0 0 0 0 0 0 0 0 0 0 0 0 0 0 0 0 0 0 0 0 0 0 0 0 0 0 0 0 0 0 0 0 0 0 0 0 0 0 0 0 0 0 0 0 0 0 0 0 0 0 0 0 0 0 0 0 0 0 0 0 0 0 0 0 0 0 0 0 0 112 0 0 0 145 79 0 0 1 0 0 0 0 0 0 0 0 0 0 0 2 0 0 0 0 0 6 0 2 0 0 0 16 0 0 0 255 255 255 255 2 0 2 0 0 0 0 0 data 2 0x20002 0x9f2 oops 0
ciMethodData java/util/EventObject <init> (Ljava/lang/Object;)V 2 69529 orig 264 88 131 12 82 0 0 0 0 128 132 4 23 0 0 0 0 104 1 0 0 0 0 0 0 0 0 0 0 0 0 0 0 0 0 0 0 0 0 0 0 0 0 0 0 0 0 0 0 0 0 0 0 0 0 0 0 0 0 0 0 0 0 0 0 0 0 0 0 0 0 0 0 0 0 0 0 0 0 0 0 77 68 79 32 101 120 116 114 97 32 100 97 116 97 32 108 111 99 107 0 0 0 0 0 0 0 0 0 0 0 0 0 0 0 0 0 0 0 0 0 0 0 0 0 0 0 0 0 0 0 0 0 0 0 0 0 0 0 0 0 0 0 0 0 0 0 0 0 0 0 0 0 0 0 0 0 0 0 0 0 0 0 0 0 0 0 0 0 0 0 0 0 0 0 0 0 0 0 0 0 0 0 0 0 0 0 0 0 0 0 0 0 0 0 0 0 0 0 0 0 0 0 0 0 0 0 0 0 0 0 0 0 0 0 0 0 112 0 0 0 73 121 8 0 1 0 0 0 0 0 0 0 0 0 0 0 2 0 0 0 0 0 5 0 2 0 0 0 64 0 0 0 255 255 255 255 2 0 1 0 0 0 0 0 data 8 0x10002 0x10f29 0x50007 0x10f29 0x30 0x0 0xe0002 0x0 oops 0
ciMethodData javax/swing/UIDefaults put (Ljava/lang/Object;Ljava/lang/Object;)Ljava/lang/Object; 1 1255 orig 264 88 131 12 82 0 0 0 0 136 128 23 23 0 0 0 0 96 2 0 0 72 0 0 0 0 0 0 0 0 0 0 0 0 0 0 0 0 0 0 0 0 0 0 0 0 0 0 0 0 0 0 0 0 0 0 0 0 0 0 0 0 0 0 0 0 0 0 0 0 0 0 0 0 0 0 0 0 0 0 0 77 68 79 32 101 120 116 114 97 32 100 97 116 97 32 108 111 99 107 0 0 0 0 0 0 0 0 0 0 0 0 0 0 0 0 0 0 0 0 0 0 0 0 0 0 0 0 0 0 0 0 0 0 0 0 0 0 0 0 0 0 0 0 0 0 0 0 0 0 0 0 0 0 0 0 0 0 0 0 0 0 0 0 0 0 0 0 0 0 0 0 0 0 0 0 0 0 0 0 0 0 0 0 0 0 0 0 0 0 0 0 0 0 0 0 0 0 0 0 0 0 0 0 0 0 0 0 0 0 0 0 0 0 0 0 0 65 1 0 0 49 29 0 0 1 0 0 0 0 0 0 0 0 0 0 0 2 0 0 0 0 0 12 0 2 0 0 0 8 1 0 0 255 255 255 255 7 0 1 0 0 0 0 0 data 33 0x10007 0x3a6 0x48 0x0 0x60002 0x0 0x90003 0x0 0x28 0xf0002 0x3a6 0x140004 0xffffffffffffffff 0x17547390 0x3a5 0x0 0x0 0x170007 0x1 0x80 0x3a5 0x1c0004 0x0 0x17547390 0x3a5 0x0 0x0 0x210005 0x0 0x19d29410 0x3a4 0x19cd9b50 0x1 oops 4 13 java/lang/String 23 java/lang/String 29 javax/swing/UIDefaults 31 javax/swing/MultiUIDefaults
ciMethodData java/util/Hashtable remove (Ljava/lang/Object;)Ljava/lang/Object; 1 565 orig 264 88 131 12 82 0 0 0 0 112 142 202 22 0 0 0 0 144 2 0 0 0 0 0 0 0 0 0 0 0 0 0 0 0 0 0 0 0 0 0 0 0 0 0 0 0 0 0 0 0 0 0 0 0 0 0 0 0 0 0 0 0 0 0 0 0 0 0 0 0 0 0 0 0 0 0 0 0 0 0 0 77 68 79 32 101 120 116 114 97 32 100 97 116 97 32 108 111 99 107 0 0 0 0 0 0 0 0 0 0 0 0 0 0 0 0 0 0 0 0 0 0 0 0 0 0 0 0 0 0 0 0 0 0 0 0 0 0 0 0 0 0 0 0 0 0 0 0 0 0 0 0 0 0 0 0 0 0 0 0 0 0 0 0 0 0 0 0 0 0 0 0 0 0 0 0 0 0 0 0 0 0 0 0 0 0 0 0 0 0 0 0 0 0 0 0 0 0 0 0 0 0 0 0 0 0 0 0 0 0 0 0 0 0 0 0 0 46 0 0 0 57 16 0 0 9 2 0 0 0 0 0 0 0 0 0 0 2 0 0 0 1 0 14 0 2 0 0 0 64 1 0 0 255 255 255 255 5 0 6 0 0 0 0 0 data 40 0x60005 0x1bb 0x19cdb0e0 0x3e 0x19ce0ed0 0xe 0x1e0007 0x9 0x110 0x23f 0x270007 0x41 0xd8 0x1fe 0x300005 0x1bb 0x19cdb0e0 0x35 0x19ce0ed0 0xe 0x330007 0x0 0x88 0x1fe 0x420007 0x1c6 0x38 0x38 0x4f0003 0x38 0x48 0x5a0104 0x0 0x18d426f0 0x41 0x0 0x0 0x800003 0x41 0xffffffffffffff08 oops 5 2 javax/swing/KeyStroke 4 javax/swing/KeyboardManager$ComponentKeyStrokePair 16 javax/swing/KeyStroke 18 javax/swing/KeyboardManager$ComponentKeyStrokePair 33 java/util/Hashtable$Entry
ciMethodData java/util/HashMap <init> ()V 1 870 orig 264 88 131 12 82 0 0 0 0 32 141 213 22 0 0 0 0 48 1 0 0 0 0 0 0 0 0 0 0 0 0 0 0 0 0 0 0 0 0 0 0 0 0 0 0 0 0 0 0 0 0 0 0 0 0 0 0 0 0 0 0 0 0 0 0 0 0 0 0 0 0 0 0 0 0 0 0 0 0 0 0 77 68 79 32 101 120 116 114 97 32 100 97 116 97 32 108 111 99 107 0 0 0 0 0 0 0 0 0 0 0 0 0 0 0 0 0 0 0 0 0 0 0 0 0 0 0 0 0 0 0 0 0 0 0 0 0 0 0 0 0 0 0 0 0 0 0 0 0 0 0 0 0 0 0 0 0 0 0 0 0 0 0 0 0 0 0 0 0 0 0 0 0 0 0 0 0 0 0 0 0 0 0 0 0 0 0 0 0 0 0 0 0 0 0 0 0 0 0 0 0 0 0 0 0 0 0 0 0 0 0 0 0 0 0 0 0 136 0 0 0 241 22 0 0 1 0 0 0 0 0 0 0 0 0 0 0 2 0 0 0 0 0 3 0 2 0 0 0 16 0 0 0 255 255 255 255 2 0 1 0 0 0 0 0 data 2 0x10002 0x2de oops 0
ciMethodData java/util/AbstractMap <init> ()V 2 1413 orig 264 88 131 12 82 0 0 0 0 48 222 212 22 0 0 0 0 48 1 0 0 0 0 0 0 0 0 0 0 0 0 0 0 0 0 0 0 0 0 0 0 0 0 0 0 0 0 0 0 0 0 0 0 0 0 0 0 0 0 0 0 0 0 0 0 0 0 0 0 0 0 0 0 0 0 0 0 0 0 0 0 77 68 79 32 101 120 116 114 97 32 100 97 116 97 32 108 111 99 107 0 0 0 0 0 0 0 0 0 0 0 0 0 0 0 0 0 0 0 0 0 0 0 0 0 0 0 0 0 0 0 0 0 0 0 0 0 0 0 0 0 0 0 0 0 0 0 0 0 0 0 0 0 0 0 0 0 0 0 0 0 0 0 0 0 0 0 0 0 0 0 0 0 0 0 0 0 0 0 0 0 0 0 0 0 0 0 0 0 0 0 0 0 0 0 0 0 0 0 0 0 0 0 0 0 0 0 0 0 0 0 0 0 0 0 0 0 80 1 0 0 169 33 0 0 1 0 0 0 0 0 0 0 0 0 0 0 2 0 0 0 0 0 3 0 2 0 0 0 16 0 0 0 255 255 255 255 2 0 1 0 0 0 0 0 data 2 0x10002 0x435 oops 0
ciMethod javax/swing/plaf/nimbus/NimbusStyle validate ()V 2209 2121 5396 0 -1
ciMethod javax/swing/plaf/nimbus/NimbusStyle getPainter (Ljava/util/Map;Ljava/lang/String;)Ljavax/swing/Painter; 209 1 84 0 -1
ciMethod javax/swing/plaf/nimbus/NimbusStyle$Values <init> ()V 97 1 28 0 0
ciMethod javax/swing/plaf/nimbus/NimbusStyle$Values <init> (Ljavax/swing/plaf/nimbus/NimbusStyle$1;)V 97 1 28 0 0
ciMethodData javax/swing/plaf/nimbus/NimbusLookAndFeel parsePrefix (Ljava/lang/String;)Ljava/lang/String; 2 17271 orig 264 88 131 12 82 0 0 0 0 0 159 30 23 0 0 0 0 0 3 0 0 0 0 0 0 0 0 0 0 0 0 0 0 0 0 0 0 0 0 0 0 0 0 0 0 0 0 0 0 0 0 0 0 0 0 0 0 0 0 0 0 0 0 0 0 0 0 0 0 0 0 0 0 0 0 0 0 0 0 0 0 77 68 79 32 101 120 116 114 97 32 100 97 116 97 32 108 111 99 107 0 0 0 0 0 0 0 0 0 0 0 0 0 0 0 0 0 0 0 0 0 0 0 0 0 0 0 0 0 0 0 0 0 0 0 0 0 0 0 0 0 0 0 0 0 0 0 0 0 0 0 0 0 0 0 0 0 0 0 0 0 0 0 0 0 0 0 0 0 0 0 0 0 0 0 0 0 0 0 0 0 0 0 0 0 0 0 0 0 0 0 0 0 0 0 0 0 0 0 0 0 0 0 0 0 0 0 0 0 0 0 0 0 0 0 0 0 240 14 0 0 113 25 0 0 225 162 1 0 0 0 0 0 0 0 0 0 2 0 0 0 1 0 27 0 2 0 0 0 184 1 0 0 255 255 255 255 7 0 1 0 0 0 0 0 data 55 0x10007 0x32e 0x20 0x0 0xc0005 0xe3b 0x17547390 0x294a 0x0 0x0 0xf0007 0x40 0x168 0x3745 0x140005 0xe2b 0x17547390 0x291a 0x0 0x0 0x1b0007 0x3637 0x70 0x10e 0x1f0007 0x87 0x38 0x87 0x230003 0x87 0x18 0x280003 0x10e 0xa8 0x2e0007 0x13b 0x40 0x34fc 0x340007 0x32c2 0x70 0x23a 0x380007 0x87 0x50 0x2ee 0x3e0005 0xc2 0x17547390 0x22c 0x0 0x0 0x450003 0x3457 0xfffffffffffffe80 oops 3 6 java/lang/String 16 java/lang/String 48 java/lang/String
ciMethodData javax/swing/plaf/nimbus/NimbusLookAndFeel addDefault (Ljava/lang/String;Ljava/lang/Object;)V 1 1055 orig 264 88 131 12 82 0 0 0 0 240 160 30 23 0 0 0 0 152 2 0 0 224 0 0 0 0 0 0 0 0 0 0 0 0 0 0 0 0 0 0 0 0 0 0 0 0 0 0 0 0 0 0 0 0 0 0 0 0 0 0 0 0 0 0 0 0 0 0 0 0 0 0 0 0 0 0 0 0 0 0 0 77 68 79 32 101 120 116 114 97 32 100 97 116 97 32 108 111 99 107 0 0 0 0 0 0 0 0 0 0 0 0 0 0 0 0 0 0 0 0 0 0 0 0 0 0 0 0 0 0 0 0 0 0 0 0 0 0 0 0 0 0 0 0 0 0 0 0 0 0 0 0 0 0 0 0 0 0 0 0 0 0 0 0 0 0 0 0 0 0 0 0 0 0 0 0 0 0 0 0 0 0 0 0 0 0 0 0 0 0 0 0 0 0 0 0 0 0 0 0 0 0 0 0 0 0 0 0 0 0 0 0 0 0 0 0 0 0 2 0 0 249 16 0 0 1 0 0 0 0 0 0 0 0 0 0 0 2 0 0 0 0 0 11 0 2 0 0 0 64 1 0 0 255 255 255 255 7 0 4 0 0 0 0 0 data 40 0x40007 0x21f 0x20 0x0 0x90002 0x21f 0xe0007 0x2c 0x110 0x1f3 0x160005 0x0 0x19d28cc0 0x1f3 0x0 0x0 0x1b0104 0x0 0x19d28cc0 0x1eb 0x0 0x0 0x220007 0x1eb 0x60 0x8 0x290002 0x8 0x350005 0x0 0x19d28cc0 0x8 0x0 0x0 0x3f0005 0x0 0x19d28cc0 0x1f3 0x0 0x0 oops 4 12 java/util/HashMap 18 java/util/HashMap 30 java/util/HashMap 36 java/util/HashMap
ciMethod javax/swing/plaf/nimbus/NimbusStyle$RuntimeState <init> (Ljavax/swing/plaf/nimbus/NimbusStyle;ILjava/lang/String;)V 257 1 101 0 0
ciMethod javax/swing/plaf/nimbus/NimbusStyle$RuntimeState <init> (Ljavax/swing/plaf/nimbus/NimbusStyle;ILjava/lang/String;Ljavax/swing/plaf/nimbus/NimbusStyle$1;)V 257 1 101 0 0
ciMethodData sun/awt/AppContext get (Ljava/lang/Object;)Ljava/lang/Object; 2 5590 orig 264 88 131 12 82 0 0 0 0 112 68 21 23 0 0 0 0 72 2 0 0 176 0 0 0 0 0 0 0 0 0 0 0 0 0 0 0 0 0 0 0 0 0 0 0 0 0 0 0 0 0 0 0 0 0 0 0 0 0 0 0 0 0 0 0 0 0 0 0 0 0 0 0 0 0 0 0 0 0 0 0 77 68 79 32 101 120 116 114 97 32 100 97 116 97 32 108 111 99 107 0 0 0 0 0 0 0 0 0 0 0 0 0 0 0 0 0 0 0 0 0 0 0 0 0 0 0 0 0 0 0 0 0 0 0 0 0 0 0 0 0 0 0 0 0 0 0 0 0 0 0 0 0 0 0 0 0 0 0 0 0 0 0 0 0 0 0 0 0 0 0 0 0 0 0 0 0 0 0 0 0 0 0 0 0 0 0 0 0 0 0 0 0 0 0 0 0 0 0 0 0 0 0 0 0 0 0 0 0 0 0 0 0 0 0 0 0 130 1 0 0 161 162 0 0 1 0 0 0 0 0 0 0 0 0 0 0 2 0 0 0 0 0 16 0 2 0 0 0 248 0 0 0 255 255 255 255 7 0 13 0 0 0 0 0 data 31 0xd0007 0x0 0x40 0x1454 0x150007 0x3f2 0x20 0x1062 0x240005 0x0 0x19d28cc0 0x3f2 0x0 0x0 0x2f0007 0x3f2 0x58 0x0 0x3a0002 0x0 0x480002 0x0 0x4e0003 0x0 0x48 0x5e0005 0x6 0x1d7f3150 0x3ec 0x0 0x0 oops 2 10 java/util/HashMap 27 sun/awt/MostRecentKeyValue
ciMethodData javax/swing/SwingUtilities appContextGet (Ljava/lang/Object;)Ljava/lang/Object; 2 6058 orig 264 88 131 12 82 0 0 0 0 64 61 23 23 0 0 0 0 136 1 0 0 0 0 0 0 0 0 0 0 0 0 0 0 0 0 0 0 0 0 0 0 0 0 0 0 0 0 0 0 0 0 0 0 0 0 0 0 0 0 0 0 0 0 0 0 0 0 0 0 0 0 0 0 0 0 0 0 0 0 0 0 77 68 79 32 101 120 116 114 97 32 100 97 116 97 32 108 111 99 107 0 0 0 0 0 0 0 0 0 0 0 0 0 0 0 0 0 0 0 0 0 0 0 0 0 0 0 0 0 0 0 0 0 0 0 0 0 0 0 0 0 0 0 0 0 0 0 0 0 0 0 0 0 0 0 0 0 0 0 0 0 0 0 0 0 0 0 0 0 0 0 0 0 0 0 0 0 0 0 0 0 0 0 0 0 0 0 0 0 0 0 0 0 0 0 0 0 0 0 0 0 0 0 0 0 0 0 0 0 0 0 0 0 0 0 0 0 16 1 0 0 193 180 0 0 1 0 0 0 0 0 0 0 0 0 0 0 2 0 0 0 0 0 3 0 2 0 0 0 64 0 0 0 255 255 255 255 2 0 0 0 0 0 0 0 data 8 0x2 0x1698 0x40005 0x2a 0x1d7ed4a0 0x166e 0x0 0x0 oops 1 4 sun/awt/AppContext
ciMethodData javax/swing/UIManager getLAFState ()Ljavax/swing/UIManager$LAFState; 2 5428 orig 264 88 131 12 82 0 0 0 0 88 149 9 23 0 0 0 0 56 2 0 0 208 0 0 0 0 0 0 0 0 0 0 0 0 0 0 0 0 0 0 0 0 0 0 0 0 0 0 0 0 0 0 0 0 0 0 0 0 0 0 0 0 0 0 0 0 0 0 0 0 0 0 0 0 0 0 0 0 0 0 0 77 68 79 32 101 120 116 114 97 32 100 97 116 97 32 108 111 99 107 0 0 0 0 0 0 0 0 0 0 0 0 0 0 0 0 0 0 0 0 0 0 0 0 0 0 0 0 0 0 0 0 0 0 0 0 0 0 0 0 0 0 0 0 0 0 0 0 0 0 0 0 0 0 0 0 0 0 0 0 0 0 0 0 0 0 0 0 0 0 0 0 0 0 0 0 0 0 0 0 0 0 0 0 0 0 0 0 0 0 0 0 0 0 0 0 0 0 0 0 0 0 0 0 0 0 0 0 0 0 0 0 0 0 0 0 0 52 1 0 0 1 160 0 0 1 0 0 0 0 0 0 0 0 0 0 0 2 0 0 0 0 0 13 0 2 0 0 0 248 0 0 0 255 255 255 255 2 0 3 0 0 0 0 0 data 31 0x30002 0x1400 0x60004 0x0 0x19e704b0 0x1400 0x0 0x0 0xb0007 0x1400 0xb8 0x0 0x170002 0x0 0x1a0004 0x0 0x0 0x0 0x0 0x0 0x1f0007 0x0 0x40 0x0 0x2a0002 0x0 0x2f0002 0x0 0x340003 0x0 0x18 oops 1 4 javax/swing/UIManager$LAFState
ciMethodData javax/swing/UIManager maybeInitialize ()V 2 5968 orig 264 88 131 12 82 0 0 0 0 96 185 9 23 0 0 0 0 168 1 0 0 64 0 0 0 0 0 0 0 0 0 0 0 0 0 0 0 0 0 0 0 0 0 0 0 0 0 0 0 0 0 0 0 0 0 0 0 0 0 0 0 0 0 0 0 0 0 0 0 0 0 0 0 0 0 0 0 0 0 0 0 77 68 79 32 101 120 116 114 97 32 100 97 116 97 32 108 111 99 107 0 0 0 0 0 0 0 0 0 0 0 0 0 0 0 0 0 0 0 0 0 0 0 0 0 0 0 0 0 0 0 0 0 0 0 0 0 0 0 0 0 0 0 0 0 0 0 0 0 0 0 0 0 0 0 0 0 0 0 0 0 0 0 0 0 0 0 0 0 0 0 0 0 0 0 0 0 0 0 0 0 0 0 0 0 0 0 0 0 0 0 0 0 0 0 0 0 0 0 0 0 0 0 0 0 0 0 0 0 0 0 0 0 0 0 0 0 242 1 0 0 209 170 0 0 1 0 0 0 0 0 0 0 0 0 0 0 2 0 0 0 0 0 11 0 2 0 0 0 104 0 0 0 255 255 255 255 2 0 6 0 0 0 0 0 data 13 0x60002 0x155a 0xc0007 0x155a 0x40 0x0 0xf0002 0x0 0x160002 0x0 0x1b0003 0x155a 0x18 oops 0
ciMethodData javax/swing/UIManager getLookAndFeel ()Ljavax/swing/LookAndFeel; 2 8787 orig 264 88 131 12 82 0 0 0 0 40 154 9 23 0 0 0 0 96 1 0 0 0 0 0 0 0 0 0 0 0 0 0 0 0 0 0 0 0 0 0 0 0 0 0 0 0 0 0 0 0 0 0 0 0 0 0 0 0 0 0 0 0 0 0 0 0 0 0 0 0 0 0 0 0 0 0 0 0 0 0 0 77 68 79 32 101 120 116 114 97 32 100 97 116 97 32 108 111 99 107 0 0 0 0 0 0 0 0 0 0 0 0 0 0 0 0 0 0 0 0 0 0 0 0 0 0 0 0 0 0 0 0 0 0 0 0 0 0 0 0 0 0 0 0 0 0 0 0 0 0 0 0 0 0 0 0 0 0 0 0 0 0 0 0 0 0 0 0 0 0 0 0 0 0 0 0 0 0 0 0 0 0 0 0 0 0 0 0 0 0 0 0 0 0 0 0 0 0 0 0 0 0 0 0 0 0 0 0 0 0 0 0 0 0 0 0 0 254 1 0 0 153 2 1 0 1 0 0 0 0 0 0 0 0 0 0 0 2 0 0 0 0 0 3 0 2 0 0 0 32 0 0 0 255 255 255 255 2 0 0 0 0 0 0 0 data 4 0x2 0x2053 0x30002 0x2053 oops 0
ciMethodData java/util/ArrayList$Itr hasNext ()Z 2 5385 orig 264 88 131 12 82 0 0 0 0 136 142 254 22 0 0 0 0 144 1 0 0 0 0 0 0 0 0 0 0 0 0 0 0 0 0 0 0 0 0 0 0 0 0 0 0 0 0 0 0 0 0 0 0 0 0 0 0 0 0 0 0 0 0 0 0 0 0 0 0 0 0 0 0 0 0 0 0 0 0 0 0 77 68 79 32 101 120 116 114 97 32 100 97 116 97 32 108 111 99 107 0 0 0 0 0 0 0 0 0 0 0 0 0 0 0 0 0 0 0 0 0 0 0 0 0 0 0 0 0 0 0 0 0 0 0 0 0 0 0 0 0 0 0 0 0 0 0 0 0 0 0 0 0 0 0 0 0 0 0 0 0 0 0 0 0 0 0 0 0 0 0 0 0 0 0 0 0 0 0 0 0 0 0 0 0 0 0 0 0 0 0 0 0 0 0 0 0 0 0 0 0 0 0 0 0 0 0 0 0 0 0 0 0 0 0 0 0 3 1 0 0 49 160 0 0 1 0 0 0 0 0 0 0 0 0 0 0 2 0 0 0 0 0 6 0 2 0 0 0 72 0 0 0 255 255 255 255 2 0 8 0 0 0 0 0 data 9 0x80002 0x1406 0xb0007 0x898 0x38 0xb6e 0xf0003 0xb6e 0x18 oops 0
ciMethodData java/lang/Integer valueOf (I)Ljava/lang/Integer; 2 25301 orig 264 88 131 12 82 0 0 0 0 152 85 209 22 0 0 0 0 112 1 0 0 32 0 0 0 0 0 0 0 0 0 0 0 0 0 0 0 0 0 0 0 0 0 0 0 0 0 0 0 0 0 0 0 0 0 0 0 0 0 0 0 0 0 0 0 0 0 0 0 0 0 0 0 0 0 0 0 0 0 0 0 77 68 79 32 101 120 116 114 97 32 100 97 116 97 32 108 111 99 107 0 0 0 0 0 0 0 0 0 0 0 0 0 0 0 0 0 0 0 0 0 0 0 0 0 0 0 0 0 0 0 0 0 0 0 0 0 0 0 0 0 0 0 0 0 0 0 0 0 0 0 0 0 0 0 0 0 0 0 0 0 0 0 0 0 0 0 0 0 0 0 0 0 0 0 0 0 0 0 0 0 0 0 0 0 0 0 0 0 0 0 0 0 0 0 0 0 0 0 0 0 0 0 0 0 0 0 0 0 0 0 0 0 0 0 0 0 0 1 0 0 169 14 3 0 1 0 0 0 0 0 0 0 0 0 0 0 2 0 0 0 0 0 8 0 2 0 0 0 80 0 0 0 255 255 255 255 7 0 3 0 0 0 0 0 data 10 0x30007 0x7c 0x40 0x6159 0xa0007 0x440 0x20 0x5d19 0x1c0002 0x4bc oops 0
ciMethodData java/lang/Integer <init> (I)V 2 1847 orig 264 88 131 12 82 0 0 0 0 56 86 209 22 0 0 0 0 56 1 0 0 0 0 0 0 0 0 0 0 0 0 0 0 0 0 0 0 0 0 0 0 0 0 0 0 0 0 0 0 0 0 0 0 0 0 0 0 0 0 0 0 0 0 0 0 0 0 0 0 0 0 0 0 0 0 0 0 0 0 0 0 77 68 79 32 101 120 116 114 97 32 100 97 116 97 32 108 111 99 107 0 0 0 0 0 0 0 0 0 0 0 0 0 0 0 0 0 0 0 0 0 0 0 0 0 0 0 0 0 0 0 0 0 0 0 0 0 0 0 0 0 0 0 0 0 0 0 0 0 0 0 0 0 0 0 0 0 0 0 0 0 0 0 0 0 0 0 0 0 0 0 0 0 0 0 0 0 0 0 0 0 0 0 0 0 0 0 0 0 0 0 0 0 0 0 0 0 0 0 0 0 0 0 0 0 0 0 0 0 0 0 0 0 0 0 0 0 124 1 0 0 217 45 0 0 1 0 0 0 0 0 0 0 0 0 0 0 2 0 0 0 0 0 3 0 2 0 0 0 16 0 0 0 255 255 255 255 2 0 1 0 0 0 0 0 data 2 0x10002 0x5bb oops 0
ciMethodData java/util/ArrayList$Itr next ()Ljava/lang/Object; 2 5380 orig 264 88 131 12 82 0 0 0 0 104 143 254 22 0 0 0 0 232 1 0 0 96 0 0 0 0 0 0 0 0 0 0 0 0 0 0 0 0 0 0 0 0 0 0 0 0 0 0 0 0 0 0 0 0 0 0 0 0 0 0 0 0 0 0 0 0 0 0 0 0 0 0 0 0 0 0 0 0 0 0 0 77 68 79 32 101 120 116 114 97 32 100 97 116 97 32 108 111 99 107 0 0 0 0 0 0 0 0 0 0 0 0 0 0 0 0 0 0 0 0 0 0 0 0 0 0 0 0 0 0 0 0 0 0 0 0 0 0 0 0 0 0 0 0 0 0 0 0 0 0 0 0 0 0 0 0 0 0 0 0 0 0 0 0 0 0 0 0 0 0 0 0 0 0 0 0 0 0 0 0 0 0 0 0 0 25 0 0 0 0 0 0 0 0 0 0 0 0 0 0 0 1 0 0 0 0 0 0 0 0 0 0 0 0 0 0 0 0 1 0 0 33 160 0 0 1 0 0 0 0 0 0 0 0 0 0 0 2 0 0 0 0 0 10 0 2 0 0 0 160 0 0 0 255 255 255 255 5 0 1 0 0 0 0 0 data 20 0x10005 0x47 0x19d290a0 0x132d 0x1d93c540 0x90 0xe0002 0x1404 0x110007 0x1404 0x30 0x0 0x180002 0x0 0x270007 0x1404 0x30 0x0 0x2e0002 0x0 oops 2 2 java/util/ArrayList$Itr 4 java/util/ArrayList$ListItr
ciMethodData java/util/ArrayList$Itr checkForComodification ()V 2 5545 orig 264 88 131 12 82 0 0 0 0 248 145 254 22 0 0 0 0 80 1 0 0 0 0 0 0 0 0 0 0 0 0 0 0 0 0 0 0 0 0 0 0 0 0 0 0 0 0 0 0 0 0 0 0 0 0 0 0 0 0 0 0 0 0 0 0 0 0 0 0 0 0 0 0 0 0 0 0 0 0 0 0 77 68 79 32 101 120 116 114 97 32 100 97 116 97 32 108 111 99 107 0 0 0 0 0 0 0 0 0 0 0 0 0 0 0 0 0 0 0 0 0 0 0 0 0 0 0 0 0 0 0 0 0 0 0 0 0 0 0 0 0 0 0 0 0 0 0 0 0 0 0 0 0 0 0 0 0 0 0 0 0 0 0 0 0 0 0 0 0 0 0 0 0 0 0 0 0 0 0 0 0 0 0 0 0 25 0 0 0 0 0 0 0 0 0 0 0 0 0 0 0 1 0 0 0 0 0 0 0 0 0 0 0 0 0 0 0 0 1 0 0 73 165 0 0 1 0 0 0 0 0 0 0 0 0 0 0 2 0 0 0 0 0 5 0 2 0 0 0 48 0 0 0 255 255 255 255 7 0 11 0 0 0 0 0 data 6 0xb0007 0x14a9 0x30 0x0 0x120002 0x0 oops 0
ciMethodData javax/swing/JComponent getClientProperty (Ljava/lang/Object;)Ljava/lang/Object; 2 5864 orig 264 88 131 12 82 0 0 0 0 232 159 241 22 0 0 0 0 224 1 0 0 64 0 0 0 0 0 0 0 0 0 0 0 0 0 0 0 0 0 0 0 0 0 0 0 0 0 0 0 0 0 0 0 0 0 0 0 0 0 0 0 0 0 0 0 0 0 0 0 0 0 0 0 0 0 0 0 0 0 0 0 77 68 79 32 101 120 116 114 97 32 100 97 116 97 32 108 111 99 107 0 0 0 0 0 0 0 0 0 0 0 0 0 0 0 0 0 0 0 0 0 0 0 0 0 0 0 0 0 0 0 0 0 0 0 0 0 0 0 0 0 0 0 0 0 0 0 0 0 0 0 0 0 0 0 0 0 0 0 0 0 0 0 0 0 0 0 0 0 0 0 0 0 0 0 0 0 0 0 0 0 0 0 0 0 0 0 0 0 0 0 0 0 0 0 0 0 0 0 0 0 0 0 0 0 0 0 0 0 0 0 0 0 0 0 0 0 128 1 0 0 65 171 0 0 1 0 0 0 0 0 0 0 0 0 0 0 2 0 0 0 0 0 13 0 2 0 0 0 144 0 0 0 255 255 255 255 7 0 4 0 0 0 0 0 data 18 0x40007 0x1397 0x20 0x1d1 0x100007 0x138e 0x20 0x9 0x1c0007 0x3e7 0x20 0xfa7 0x2d0005 0x0 0x19ec4110 0x3e7 0x0 0x0 oops 1 14 javax/swing/ArrayTable
ciMethodData javax/swing/ArrayTable get (Ljava/lang/Object;)Ljava/lang/Object; 2 1845 orig 264 88 131 12 82 0 0 0 0 240 182 49 23 0 0 0 0 24 3 0 0 128 0 0 0 0 0 0 0 0 0 0 0 0 0 0 0 0 0 0 0 0 0 0 0 0 0 0 0 0 0 0 0 0 0 0 0 0 0 0 0 0 0 0 0 0 0 0 0 0 0 0 0 0 0 0 0 0 0 0 0 77 68 79 32 101 120 116 114 97 32 100 97 116 97 32 108 111 99 107 0 0 0 0 0 0 0 0 0 0 0 0 0 0 0 0 0 0 0 0 0 0 0 0 0 0 0 0 0 0 0 0 0 0 0 0 0 0 0 0 0 0 0 0 0 0 0 0 0 0 0 0 0 0 0 0 0 0 0 0 0 0 0 0 0 0 0 0 0 0 0 0 0 0 0 0 0 0 0 0 0 0 0 0 0 0 0 0 0 0 0 0 0 0 0 0 0 0 0 0 0 0 0 0 0 0 0 0 0 0 0 0 0 0 0 0 0 98 0 0 0 153 54 0 0 225 54 0 0 0 0 0 0 0 0 0 0 2 0 0 0 1 0 14 0 2 0 0 0 200 1 0 0 255 255 255 255 7 0 6 0 0 0 0 0 data 57 0x60007 0xd3 0x1c8 0x600 0xa0002 0x600 0xd0007 0xa 0x138 0x5f6 0x140004 0x0 0x19ca1060 0x5f6 0x0 0x0 0x170004 0x0 0x19ca1060 0x75 0x0 0x0 0x240007 0x4ae 0xa0 0x824 0x2c0005 0x0 0x17547390 0x6f4 0x1daa12e0 0x130 0x2f0007 0x6dc 0x38 0x148 0x390003 0x148 0x30 0x3f0003 0x6dc 0xffffffffffffff78 0x420003 0x5f6 0x78 0x490004 0x0 0x175487f0 0xa 0x0 0x0 0x4d0005 0x0 0x175487f0 0xa 0x0 0x0 oops 6 12 [Ljava/lang/Object; 18 [Ljava/lang/Object; 28 java/lang/String 30 javax/swing/ClientPropertyKey 47 java/util/Hashtable 53 java/util/Hashtable
ciMethodData javax/swing/plaf/nimbus/NimbusStyle validate ()V 2 5396 orig 264 88 131 12 82 0 0 0 0 40 218 59 23 0 0 0 0 88 27 0 0 136 15 0 0 0 0 0 0 0 0 0 0 0 0 0 0 0 0 0 0 0 0 0 0 0 0 0 0 0 0 0 0 0 0 0 0 0 0 0 0 0 0 0 0 0 0 0 0 0 0 0 0 0 0 0 0 0 0 0 0 77 68 79 32 101 120 116 114 97 32 100 97 116 97 32 108 111 99 107 0 0 0 0 0 0 0 0 0 0 0 0 0 0 0 0 0 0 0 0 0 0 0 0 0 0 0 0 0 0 0 0 0 0 0 0 0 0 0 0 0 0 0 0 0 0 0 0 0 0 0 0 0 0 0 0 0 0 0 0 0 0 0 0 0 0 0 0 0 0 0 0 0 0 0 0 0 0 0 0 0 0 0 0 0 0 0 0 0 0 0 0 0 0 0 0 0 0 0 0 0 0 0 0 0 0 0 0 0 0 0 0 0 0 0 0 0 20 1 0 0 1 160 0 0 249 27 0 0 0 0 0 0 0 0 0 0 2 0 0 0 6 0 62 1 2 0 0 0 0 26 0 0 255 255 255 255 7 0 4 0 0 0 0 0 data 832 0x40007 0x10 0x20 0x13ef 0xe0002 0x10 0x140002 0x10 0x170004 0x0 0x19d28c10 0x10 0x0 0x0 0x1e0005 0x0 0x19d28c10 0x10 0x0 0x0 0x260007 0x10 0x528 0x0 0x2d0005 0x0 0x0 0x0 0x0 0x0 0x300004 0x0 0x0 0x0 0x0 0x0 0x350005 0x0 0x0 0x0 0x0 0x0 0x3a0004 0x0 0x0 0x0 0x0 0x0 0x3d0007 0x0 0x448 0x0 0x440005 0x0 0x0 0x0 0x0 0x0 0x470004 0x0 0x0 0x0 0x0 0x0 0x4c0005 0x0 0x0 0x0 0x0 0x0 0x510004 0x0 0x0 0x0 0x0 0x0 0x540007 0x0 0x98 0x0 0x580004 0x0 0x0 0x0 0x0 0x0 0x5b0005 0x0 0x0 0x0 0x0 0x0 0x5e0003 0x0 0x18 0x650004 0x0 0x0 0x0 0x0 0x0 0x6e0002 0x0 0x750005 0x0 0x0 0x0 0x0 0x0 0x780005 0x0 0x0 0x0 0x0 0x0 0x810005 0x0 0x0 0x0 0x0 0x0 0x860007 0x0 0x198 0x0 0x8b0005 0x0 0x0 0x0 0x0 0x0 0x940004 0x0 0x0 0x0 0x0 0x0 0x970007 0x0 0x100 0x0 0x9c0004 0x0 0x0 0x0 0x0 0x0 0xa70005 0x0 0x0 0x0 0x0 0x0 0xaa0007 0x0 0x80 0x0 0xb50005 0x0 0x0 0x0 0x0 0x0 0xb80005 0x0 0x0 0x0 0x0 0x0 0xbc0003 0x0 0xfffffffffffffe50 0xc10007 0x0 0x68 0x0 0xc70005 0x0 0x0 0x0 0x0 0x0 0xcc0003 0x0 0x18 0xd60002 0x10 0xde0002 0x10 0xe60002 0x10 0xf00002 0x10 0xf70005 0x0 0x176520a0 0x10 0x0 0x0 0xfc0005 0x0 0x176520a0 0x10 0x0 0x0 0xff0005 0x0 0x176520a0 0x10 0x0 0x0 0x1020005 0x0 0x19d28cc0 0x10 0x0 0x0 0x1070104 0x0 0x17547390 0x3 0x0 0x0 0x10e0007 0xd 0x550 0x3 0x1150005 0x0 0x17547390 0x3 0x0 0x0 0x1220007 0x3 0x2a0 0x13 0x12e0005 0x0 0x17547390 0x13 0x0 0x0 0x1310004 0x0 0x17547390 0x13 0x0 0x0 0x1370002 0x13 0x13a0007 0x10 0x1b8 0x3 0x1410002 0x3 0x1480005 0x0 0x176520a0 0x3 0x0 0x0 0x14d0005 0x0 0x176520a0 0x3 0x0 0x0 0x1550005 0x0 0x176520a0 0x3 0x0 0x0 0x1580005 0x0 0x176520a0 0x3 0x0 0x0 0x1600005 0x0 0x19d28cc0 0x3 0x0 0x0 0x1650004 0x0 0x19d28d70 0x1 0x19d28e20 0x1 0x16c0007 0x0 0x50 0x3 0x1720005 0x0 0x19d28ed0 0x3 0x0 0x0 0x1780003 0x3 0x58 0x1810002 0x10 0x1840005 0x0 0x19d28ed0 0x10 0x0 0x0 0x18d0003 0x13 0xfffffffffffffd78 0x1910005 0x0 0x19d28ed0 0x3 0x0 0x0 0x1960007 0x0 0xb0 0x3 0x19f0005 0x0 0x19d28ed0 0x3 0x0 0x0 0x1a70005 0x0 0x19d28ed0 0x3 0x0 0x0 0x1ac0004 0x0 0x19d28f80 0x3 0x0 0x0 0x1b60005 0x0 0x19d28ed0 0x3 0x0 0x0 0x1bf0005 0x0 0x19d290a0 0x16 0x0 0x0 0x1c40007 0x3 0x108 0x13 0x1c90005 0x0 0x19d290a0 0x13 0x0 0x0 0x1ce0004 0x0 0x19d29150 0x10 0x19d28d70 0x1 0x1d60005 0x2 0x19d29150 0x10 0x19d28d70 0x1 0x1db0002 0x13 0x1de0005 0x0 0x19d28cc0 0x13 0x0 0x0 0x1ea0003 0x13 0xfffffffffffffee0 0x1ed0003 0x3 0x328 0x1f40005 0x0 0x19d28ed0 0xd 0x0 0x0 0x1fe0005 0x0 0x19d28ed0 0xd 0x0 0x0 0x2080005 0x0 0x19d28ed0 0xd 0x0 0x0 0x2120005 0x0 0x19d28ed0 0xd 0x0 0x0 0x21c0005 0x0 0x19d28ed0 0xd 0x0 0x0 0x2260005 0x0 0x19d28ed0 0xd 0x0 0x0 0x2300005 0x0 0x19d28ed0 0xd 0x0 0x0 0x23a0002 0xd 0x23d0005 0x0 0x19d28cc0 0xd 0x0 0x0 0x2470002 0xd 0x24a0005 0x0 0x19d28cc0 0xd 0x0 0x0 0x2540002 0xd 0x2570005 0x0 0x19d28cc0 0xd 0x0 0x0 0x2620002 0xd 0x2650005 0x0 0x19d28cc0 0xd 0x0 0x0 0x2710002 0xd 0x2740005 0x0 0x19d28cc0 0xd 0x0 0x0 0x2800002 0xd 0x2830005 0x0 0x19d28cc0 0xd 0x0 0x0 0x28f0002 0xd 0x2920005 0x0 0x19d28cc0 0xd 0x0 0x0 0x2990005 0x0 0x19d28cc0 0x10 0x0 0x0 0x29e0005 0x0 0x19d29200 0x10 0x0 0x0 0x2a70005 0x0 0x19d292b0 0xe5 0x0 0x0 0x2ac0007 0x10 0x978 0xd5 0x2b10005 0x0 0x19d292b0 0xd5 0x0 0x0 0x2b60004 0x0 0x17547390 0xd5 0x0 0x0 0x2c10005 0x0 0x17547390 0xd5 0x0 0x0 0x2c40005 0x0 0x17547390 0xd5 0x0 0x0 0x2cd0005 0x0 0x17547390 0xd5 0x0 0x0 0x2d10007 0x0 0xfffffffffffffec0 0xd5 0x2d80005 0x0 0x17547390 0xd5 0x0 0x0 0x2dc0007 0xd5 0x38 0x0 0x2df0003 0x0 0xfffffffffffffe50 0x2e50005 0x0 0x17547390 0xd5 0x0 0x0 0x2f40005 0x0 0x17547390 0xd5 0x0 0x0 0x2fb0007 0x65 0x38 0x70 0x3020003 0x70 0x78 0x30a0005 0x0 0x17547390 0x65 0x0 0x0 0x3150005 0x0 0x17547390 0x65 0x0 0x0 0x31c0007 0x65 0x1c8 0x70 0x3230005 0x0 0x17547390 0x70 0x0 0x0 0x3260007 0x60 0x98 0x10 0x3300005 0x0 0x19d28cc0 0x10 0x0 0x0 0x3350004 0x0 0x19d29360 0x10 0x0 0x0 0x33b0003 0x10 0x600 0x3420005 0x0 0x17547390 0x60 0x0 0x0 0x3450007 0x5d 0x38 0x3 0x3480003 0x3 0x598 0x3570005 0x0 0x19d28cc0 0x5d 0x0 0x0 0x35c0005 0x0 0x19d29410 0x5d 0x0 0x0 0x3600003 0x5d 0x520 0x36d0005 0x0 0x17547390 0x65 0x0 0x0 0x3820007 0x63 0x148 0x8c 0x38f0005 0x0 0x19d28cc0 0x8c 0x0 0x0 0x3940007 0x2 0xc8 0x8a 0x39c0005 0x0 0x19d28cc0 0x8a 0x0 0x0 0x3a10004 0x0 0x17652cb0 0x8a 0x0 0x0 0x3a40005 0x0 0x17652cb0 0x8a 0x0 0x0 0x3aa0003 0x8a 0x30 0x3b00003 0x2 0x30 0x3b60003 0x8a 0xfffffffffffffed0 0x3bb0007 0x63 0x38 0x2 0x3be0003 0x2 0xfffffffffffff9e0 0x3c60005 0x0 0x19d28ed0 0x63 0x0 0x0 0x3cf0005 0x0 0x19d290a0 0x188 0x0 0x0 0x3d40007 0x45 0xd0 0x143 0x3d90005 0x0 0x19d290a0 0x143 0x0 0x0 0x3de0004 0x0 0x19d294c0 0x143 0x0 0x0 0x3ea0007 0x125 0x38 0x1e 0x3f10003 0x1e 0x30 0x3f40003 0x125 0xffffffffffffff18 0x3f90007 0x1e 0x60 0x45 0x4060002 0x45 0x40f0005 0x0 0x19d28ed0 0x45 0x0 0x0 0x4190005 0x0 0x17547390 0x63 0x0 0x0 0x41c0007 0x33 0x48 0x30 0x4250002 0x30 0x42b0003 0x30 0x168 0x4320005 0x0 0x17547390 0x33 0x0 0x0 0x4350007 0x2f 0x48 0x4 0x43e0002 0x4 0x4440003 0x4 0xf0 0x44b0005 0x0 0x17547390 0x2f 0x0 0x0 0x44e0007 0x29 0x48 0x6 0x4570002 0x6 0x45d0003 0x6 0x78 0x46a0005 0x0 0x19d28cc0 0x29 0x0 0x0 0x46f0005 0x0 0x19d29410 0x29 0x0 0x0 0x4730003 0xd3 0xfffffffffffff670 0x47b0002 0x10 0x4860005 0x0 0x19d28ed0 0x10 0x0 0x0 0x48e0005 0x0 0x19d28ed0 0x10 0x0 0x0 0x4930004 0x0 0x19d29570 0x10 0x0 0x0 oops 82 10 javax/swing/plaf/nimbus/NimbusLookAndFeel 16 javax/swing/plaf/nimbus/NimbusLookAndFeel 195 java/lang/StringBuilder 201 java/lang/StringBuilder